Combination 27
Score:		0.2012987012987013

Contribution of lengths to the difference score Left|Right|Common:		5000.0|2000.0|8500.0|

Left plasmids:
L_H0:	3_0:8000,5_0:20000,4_0:3000,1_0:2000,1_2:2000,
L_H1:	9:5000,7_0:1000,6_0:5000,2_0:20000,4_1:3000,
L_H2:	7_1:1000,7_2:1000,8_0:4000,

Right plasmids:
R_M0:	1_0:2000,1_1:2000,3_0:8000,7_1:1000,
R_M1:	7_0:1000,6_0:5000,2_0:20000,4_1:3000,
R_M2:	1_2:2000,7_2:1000,5_0:20000,4_0:3000,8_0:4000,

Left splits:
{'7_1'}{'8_0', '7_2'}
{'7_1'}{'8_0', '7_2'}
{'3_0', '1_0'}{'5_0', '1_2', '4_0'}
{'3_0', '1_0'}{'5_0', '1_2', '4_0'}
{'2_0', '6_0', '4_1', '7_0'}

Right splits:
{'5_0', '1_2', '4_0'}{'8_0', '7_2'}
{'5_0', '1_2', '4_0'}{'8_0', '7_2'}
{'3_0', '1_0'}{'7_1'}
{'3_0', '1_0'}{'7_1'}
{'2_0', '6_0', '4_1', '7_0'}
#-------------------------



Combination 31
Score:		0.2012987012987013

Contribution of lengths to the difference score Left|Right|Common:		5000.0|2000.0|8500.0|

Left plasmids:
L_H0:	3_0:8000,5_0:20000,4_0:3000,1_1:2000,1_2:2000,
L_H1:	9:5000,7_0:1000,6_0:5000,2_0:20000,4_1:3000,
L_H2:	7_1:1000,7_2:1000,8_0:4000,

Right plasmids:
R_M0:	1_0:2000,1_1:2000,3_0:8000,7_1:1000,
R_M1:	7_0:1000,6_0:5000,2_0:20000,4_1:3000,
R_M2:	1_2:2000,7_2:1000,5_0:20000,4_0:3000,8_0:4000,

Left splits:
{'7_1'}{'8_0', '7_2'}
{'7_1'}{'8_0', '7_2'}
{'3_0', '1_1'}{'5_0', '1_2', '4_0'}
{'3_0', '1_1'}{'5_0', '1_2', '4_0'}
{'2_0', '6_0', '4_1', '7_0'}

Right splits:
{'5_0', '1_2', '4_0'}{'8_0', '7_2'}
{'5_0', '1_2', '4_0'}{'8_0', '7_2'}
{'3_0', '1_1'}{'7_1'}
{'3_0', '1_1'}{'7_1'}
{'2_0', '6_0', '4_1', '7_0'}
#-------------------------



Combination 33
Score:		0.2012987012987013

Contribution of lengths to the difference score Left|Right|Common:		5000.0|2000.0|8500.0|

Left plasmids:
L_H0:	3_0:8000,5_0:20000,4_0:3000,1_2:2000,1_0:2000,
L_H1:	9:5000,7_0:1000,6_0:5000,2_0:20000,4_1:3000,
L_H2:	7_1:1000,7_2:1000,8_0:4000,

Right plasmids:
R_M0:	1_0:2000,1_1:2000,3_0:8000,7_1:1000,
R_M1:	7_0:1000,6_0:5000,2_0:20000,4_1:3000,
R_M2:	1_2:2000,7_2:1000,5_0:20000,4_0:3000,8_0:4000,

Left splits:
{'7_1'}{'8_0', '7_2'}
{'7_1'}{'8_0', '7_2'}
{'3_0', '1_0'}{'5_0', '1_2', '4_0'}
{'3_0', '1_0'}{'5_0', '1_2', '4_0'}
{'2_0', '6_0', '4_1', '7_0'}

Right splits:
{'5_0', '1_2', '4_0'}{'8_0', '7_2'}
{'5_0', '1_2', '4_0'}{'8_0', '7_2'}
{'3_0', '1_0'}{'7_1'}
{'3_0', '1_0'}{'7_1'}
{'2_0', '6_0', '4_1', '7_0'}
#-------------------------



Combination 35
Score:		0.2012987012987013

Contribution of lengths to the difference score Left|Right|Common:		5000.0|2000.0|8500.0|

Left plasmids:
L_H0:	3_0:8000,5_0:20000,4_0:3000,1_2:2000,1_1:2000,
L_H1:	9:5000,7_0:1000,6_0:5000,2_0:20000,4_1:3000,
L_H2:	7_1:1000,7_2:1000,8_0:4000,

Right plasmids:
R_M0:	1_0:2000,1_1:2000,3_0:8000,7_1:1000,
R_M1:	7_0:1000,6_0:5000,2_0:20000,4_1:3000,
R_M2:	1_2:2000,7_2:1000,5_0:20000,4_0:3000,8_0:4000,

Left splits:
{'7_1'}{'8_0', '7_2'}
{'7_1'}{'8_0', '7_2'}
{'3_0', '1_1'}{'5_0', '1_2', '4_0'}
{'3_0', '1_1'}{'5_0', '1_2', '4_0'}
{'2_0', '6_0', '4_1', '7_0'}

Right splits:
{'5_0', '1_2', '4_0'}{'8_0', '7_2'}
{'5_0', '1_2', '4_0'}{'8_0', '7_2'}
{'3_0', '1_1'}{'7_1'}
{'3_0', '1_1'}{'7_1'}
{'2_0', '6_0', '4_1', '7_0'}
#-------------------------



Combination 51
Score:		0.2012987012987013

Contribution of lengths to the difference score Left|Right|Common:		5000.0|2000.0|8500.0|

Left plasmids:
L_H0:	3_0:8000,5_0:20000,4_0:3000,1_0:2000,1_2:2000,
L_H1:	9:5000,7_0:1000,6_0:5000,2_0:20000,4_1:3000,
L_H2:	7_1:1000,7_2:1000,8_0:4000,

Right plasmids:
R_M0:	1_0:2000,1_1:2000,3_0:8000,7_2:1000,
R_M1:	7_0:1000,6_0:5000,2_0:20000,4_1:3000,
R_M2:	1_2:2000,7_1:1000,5_0:20000,4_0:3000,8_0:4000,

Left splits:
{'7_2'}{'8_0', '7_1'}
{'7_2'}{'8_0', '7_1'}
{'3_0', '1_0'}{'5_0', '1_2', '4_0'}
{'3_0', '1_0'}{'5_0', '1_2', '4_0'}
{'2_0', '6_0', '4_1', '7_0'}

Right splits:
{'5_0', '1_2', '4_0'}{'8_0', '7_1'}
{'5_0', '1_2', '4_0'}{'8_0', '7_1'}
{'3_0', '1_0'}{'7_2'}
{'3_0', '1_0'}{'7_2'}
{'2_0', '6_0', '4_1', '7_0'}
#-------------------------



Combination 55
Score:		0.2012987012987013

Contribution of lengths to the difference score Left|Right|Common:		5000.0|2000.0|8500.0|

Left plasmids:
L_H0:	3_0:8000,5_0:20000,4_0:3000,1_1:2000,1_2:2000,
L_H1:	9:5000,7_0:1000,6_0:5000,2_0:20000,4_1:3000,
L_H2:	7_1:1000,7_2:1000,8_0:4000,

Right plasmids:
R_M0:	1_0:2000,1_1:2000,3_0:8000,7_2:1000,
R_M1:	7_0:1000,6_0:5000,2_0:20000,4_1:3000,
R_M2:	1_2:2000,7_1:1000,5_0:20000,4_0:3000,8_0:4000,

Left splits:
{'7_2'}{'8_0', '7_1'}
{'7_2'}{'8_0', '7_1'}
{'3_0', '1_1'}{'5_0', '1_2', '4_0'}
{'3_0', '1_1'}{'5_0', '1_2', '4_0'}
{'2_0', '6_0', '4_1', '7_0'}

Right splits:
{'5_0', '1_2', '4_0'}{'8_0', '7_1'}
{'5_0', '1_2', '4_0'}{'8_0', '7_1'}
{'3_0', '1_1'}{'7_2'}
{'3_0', '1_1'}{'7_2'}
{'2_0', '6_0', '4_1', '7_0'}
#-------------------------



Combination 57
Score:		0.2012987012987013

Contribution of lengths to the difference score Left|Right|Common:		5000.0|2000.0|8500.0|

Left plasmids:
L_H0:	3_0:8000,5_0:20000,4_0:3000,1_2:2000,1_0:2000,
L_H1:	9:5000,7_0:1000,6_0:5000,2_0:20000,4_1:3000,
L_H2:	7_1:1000,7_2:1000,8_0:4000,

Right plasmids:
R_M0:	1_0:2000,1_1:2000,3_0:8000,7_2:1000,
R_M1:	7_0:1000,6_0:5000,2_0:20000,4_1:3000,
R_M2:	1_2:2000,7_1:1000,5_0:20000,4_0:3000,8_0:4000,

Left splits:
{'7_2'}{'8_0', '7_1'}
{'7_2'}{'8_0', '7_1'}
{'3_0', '1_0'}{'5_0', '1_2', '4_0'}
{'3_0', '1_0'}{'5_0', '1_2', '4_0'}
{'2_0', '6_0', '4_1', '7_0'}

Right splits:
{'5_0', '1_2', '4_0'}{'8_0', '7_1'}
{'5_0', '1_2', '4_0'}{'8_0', '7_1'}
{'3_0', '1_0'}{'7_2'}
{'3_0', '1_0'}{'7_2'}
{'2_0', '6_0', '4_1', '7_0'}
#-------------------------



Combination 59
Score:		0.2012987012987013

Contribution of lengths to the difference score Left|Right|Common:		5000.0|2000.0|8500.0|

Left plasmids:
L_H0:	3_0:8000,5_0:20000,4_0:3000,1_2:2000,1_1:2000,
L_H1:	9:5000,7_0:1000,6_0:5000,2_0:20000,4_1:3000,
L_H2:	7_1:1000,7_2:1000,8_0:4000,

Right plasmids:
R_M0:	1_0:2000,1_1:2000,3_0:8000,7_2:1000,
R_M1:	7_0:1000,6_0:5000,2_0:20000,4_1:3000,
R_M2:	1_2:2000,7_1:1000,5_0:20000,4_0:3000,8_0:4000,

Left splits:
{'7_2'}{'8_0', '7_1'}
{'7_2'}{'8_0', '7_1'}
{'3_0', '1_1'}{'5_0', '1_2', '4_0'}
{'3_0', '1_1'}{'5_0', '1_2', '4_0'}
{'2_0', '6_0', '4_1', '7_0'}

Right splits:
{'5_0', '1_2', '4_0'}{'8_0', '7_1'}
{'5_0', '1_2', '4_0'}{'8_0', '7_1'}
{'3_0', '1_1'}{'7_2'}
{'3_0', '1_1'}{'7_2'}
{'2_0', '6_0', '4_1', '7_0'}
#-------------------------



Combination 3
Score:		0.21428571428571427

Contribution of lengths to the difference score Left|Right|Common:		5000.0|2000.0|9500.000000000002|

Left plasmids:
L_H0:	3_0:8000,5_0:20000,4_0:3000,1_0:2000,1_2:2000,
L_H1:	9:5000,7_0:1000,6_0:5000,2_0:20000,4_1:3000,
L_H2:	7_1:1000,7_2:1000,8_0:4000,

Right plasmids:
R_M0:	1_0:2000,1_1:2000,3_0:8000,7_0:1000,
R_M1:	7_1:1000,6_0:5000,2_0:20000,4_1:3000,
R_M2:	1_2:2000,7_2:1000,5_0:20000,4_0:3000,8_0:4000,

Left splits:
{'7_1'}{'8_0', '7_2'}
{'7_1'}{'8_0', '7_2'}
{'3_0', '1_0'}{'5_0', '1_2', '4_0'}
{'3_0', '1_0'}{'5_0', '1_2', '4_0'}
{'7_0'}{'2_0', '6_0', '4_1'}
{'7_0'}{'2_0', '6_0', '4_1'}

Right splits:
{'2_0', '6_0', '4_1'}{'7_1'}
{'2_0', '6_0', '4_1'}{'7_1'}
{'5_0', '1_2', '4_0'}{'8_0', '7_2'}
{'5_0', '1_2', '4_0'}{'8_0', '7_2'}
{'3_0', '1_0'}{'7_0'}
{'3_0', '1_0'}{'7_0'}
#-------------------------



Combination 7
Score:		0.21428571428571427

Contribution of lengths to the difference score Left|Right|Common:		5000.0|2000.0|9500.000000000002|

Left plasmids:
L_H0:	3_0:8000,5_0:20000,4_0:3000,1_1:2000,1_2:2000,
L_H1:	9:5000,7_0:1000,6_0:5000,2_0:20000,4_1:3000,
L_H2:	7_1:1000,7_2:1000,8_0:4000,

Right plasmids:
R_M0:	1_0:2000,1_1:2000,3_0:8000,7_0:1000,
R_M1:	7_1:1000,6_0:5000,2_0:20000,4_1:3000,
R_M2:	1_2:2000,7_2:1000,5_0:20000,4_0:3000,8_0:4000,

Left splits:
{'7_1'}{'8_0', '7_2'}
{'7_1'}{'8_0', '7_2'}
{'3_0', '1_1'}{'5_0', '1_2', '4_0'}
{'3_0', '1_1'}{'5_0', '1_2', '4_0'}
{'7_0'}{'2_0', '6_0', '4_1'}
{'7_0'}{'2_0', '6_0', '4_1'}

Right splits:
{'2_0', '6_0', '4_1'}{'7_1'}
{'2_0', '6_0', '4_1'}{'7_1'}
{'5_0', '1_2', '4_0'}{'8_0', '7_2'}
{'5_0', '1_2', '4_0'}{'8_0', '7_2'}
{'3_0', '1_1'}{'7_0'}
{'3_0', '1_1'}{'7_0'}
#-------------------------



Combination 9
Score:		0.21428571428571427

Contribution of lengths to the difference score Left|Right|Common:		5000.0|2000.0|9500.000000000002|

Left plasmids:
L_H0:	3_0:8000,5_0:20000,4_0:3000,1_2:2000,1_0:2000,
L_H1:	9:5000,7_0:1000,6_0:5000,2_0:20000,4_1:3000,
L_H2:	7_1:1000,7_2:1000,8_0:4000,

Right plasmids:
R_M0:	1_0:2000,1_1:2000,3_0:8000,7_0:1000,
R_M1:	7_1:1000,6_0:5000,2_0:20000,4_1:3000,
R_M2:	1_2:2000,7_2:1000,5_0:20000,4_0:3000,8_0:4000,

Left splits:
{'7_1'}{'8_0', '7_2'}
{'7_1'}{'8_0', '7_2'}
{'3_0', '1_0'}{'5_0', '1_2', '4_0'}
{'3_0', '1_0'}{'5_0', '1_2', '4_0'}
{'7_0'}{'2_0', '6_0', '4_1'}
{'7_0'}{'2_0', '6_0', '4_1'}

Right splits:
{'2_0', '6_0', '4_1'}{'7_1'}
{'2_0', '6_0', '4_1'}{'7_1'}
{'5_0', '1_2', '4_0'}{'8_0', '7_2'}
{'5_0', '1_2', '4_0'}{'8_0', '7_2'}
{'3_0', '1_0'}{'7_0'}
{'3_0', '1_0'}{'7_0'}
#-------------------------



Combination 11
Score:		0.21428571428571427

Contribution of lengths to the difference score Left|Right|Common:		5000.0|2000.0|9500.000000000002|

Left plasmids:
L_H0:	3_0:8000,5_0:20000,4_0:3000,1_2:2000,1_1:2000,
L_H1:	9:5000,7_0:1000,6_0:5000,2_0:20000,4_1:3000,
L_H2:	7_1:1000,7_2:1000,8_0:4000,

Right plasmids:
R_M0:	1_0:2000,1_1:2000,3_0:8000,7_0:1000,
R_M1:	7_1:1000,6_0:5000,2_0:20000,4_1:3000,
R_M2:	1_2:2000,7_2:1000,5_0:20000,4_0:3000,8_0:4000,

Left splits:
{'7_1'}{'8_0', '7_2'}
{'7_1'}{'8_0', '7_2'}
{'3_0', '1_1'}{'5_0', '1_2', '4_0'}
{'3_0', '1_1'}{'5_0', '1_2', '4_0'}
{'7_0'}{'2_0', '6_0', '4_1'}
{'7_0'}{'2_0', '6_0', '4_1'}

Right splits:
{'2_0', '6_0', '4_1'}{'7_1'}
{'2_0', '6_0', '4_1'}{'7_1'}
{'5_0', '1_2', '4_0'}{'8_0', '7_2'}
{'5_0', '1_2', '4_0'}{'8_0', '7_2'}
{'3_0', '1_1'}{'7_0'}
{'3_0', '1_1'}{'7_0'}
#-------------------------



Combination 15
Score:		0.21428571428571427

Contribution of lengths to the difference score Left|Right|Common:		5000.0|2000.0|9500.000000000002|

Left plasmids:
L_H0:	3_0:8000,5_0:20000,4_0:3000,1_0:2000,1_2:2000,
L_H1:	9:5000,7_0:1000,6_0:5000,2_0:20000,4_1:3000,
L_H2:	7_1:1000,7_2:1000,8_0:4000,

Right plasmids:
R_M0:	1_0:2000,1_1:2000,3_0:8000,7_0:1000,
R_M1:	7_2:1000,6_0:5000,2_0:20000,4_1:3000,
R_M2:	1_2:2000,7_1:1000,5_0:20000,4_0:3000,8_0:4000,

Left splits:
{'7_2'}{'8_0', '7_1'}
{'7_2'}{'8_0', '7_1'}
{'3_0', '1_0'}{'5_0', '1_2', '4_0'}
{'3_0', '1_0'}{'5_0', '1_2', '4_0'}
{'7_0'}{'2_0', '6_0', '4_1'}
{'7_0'}{'2_0', '6_0', '4_1'}

Right splits:
{'2_0', '6_0', '4_1'}{'7_2'}
{'2_0', '6_0', '4_1'}{'7_2'}
{'5_0', '1_2', '4_0'}{'8_0', '7_1'}
{'5_0', '1_2', '4_0'}{'8_0', '7_1'}
{'3_0', '1_0'}{'7_0'}
{'3_0', '1_0'}{'7_0'}
#-------------------------



Combination 19
Score:		0.21428571428571427

Contribution of lengths to the difference score Left|Right|Common:		5000.0|2000.0|9500.000000000002|

Left plasmids:
L_H0:	3_0:8000,5_0:20000,4_0:3000,1_1:2000,1_2:2000,
L_H1:	9:5000,7_0:1000,6_0:5000,2_0:20000,4_1:3000,
L_H2:	7_1:1000,7_2:1000,8_0:4000,

Right plasmids:
R_M0:	1_0:2000,1_1:2000,3_0:8000,7_0:1000,
R_M1:	7_2:1000,6_0:5000,2_0:20000,4_1:3000,
R_M2:	1_2:2000,7_1:1000,5_0:20000,4_0:3000,8_0:4000,

Left splits:
{'7_2'}{'8_0', '7_1'}
{'7_2'}{'8_0', '7_1'}
{'3_0', '1_1'}{'5_0', '1_2', '4_0'}
{'3_0', '1_1'}{'5_0', '1_2', '4_0'}
{'7_0'}{'2_0', '6_0', '4_1'}
{'7_0'}{'2_0', '6_0', '4_1'}

Right splits:
{'2_0', '6_0', '4_1'}{'7_2'}
{'2_0', '6_0', '4_1'}{'7_2'}
{'5_0', '1_2', '4_0'}{'8_0', '7_1'}
{'5_0', '1_2', '4_0'}{'8_0', '7_1'}
{'3_0', '1_1'}{'7_0'}
{'3_0', '1_1'}{'7_0'}
#-------------------------



Combination 21
Score:		0.21428571428571427

Contribution of lengths to the difference score Left|Right|Common:		5000.0|2000.0|9500.000000000002|

Left plasmids:
L_H0:	3_0:8000,5_0:20000,4_0:3000,1_2:2000,1_0:2000,
L_H1:	9:5000,7_0:1000,6_0:5000,2_0:20000,4_1:3000,
L_H2:	7_1:1000,7_2:1000,8_0:4000,

Right plasmids:
R_M0:	1_0:2000,1_1:2000,3_0:8000,7_0:1000,
R_M1:	7_2:1000,6_0:5000,2_0:20000,4_1:3000,
R_M2:	1_2:2000,7_1:1000,5_0:20000,4_0:3000,8_0:4000,

Left splits:
{'7_2'}{'8_0', '7_1'}
{'7_2'}{'8_0', '7_1'}
{'3_0', '1_0'}{'5_0', '1_2', '4_0'}
{'3_0', '1_0'}{'5_0', '1_2', '4_0'}
{'7_0'}{'2_0', '6_0', '4_1'}
{'7_0'}{'2_0', '6_0', '4_1'}

Right splits:
{'2_0', '6_0', '4_1'}{'7_2'}
{'2_0', '6_0', '4_1'}{'7_2'}
{'5_0', '1_2', '4_0'}{'8_0', '7_1'}
{'5_0', '1_2', '4_0'}{'8_0', '7_1'}
{'3_0', '1_0'}{'7_0'}
{'3_0', '1_0'}{'7_0'}
#-------------------------



Combination 23
Score:		0.21428571428571427

Contribution of lengths to the difference score Left|Right|Common:		5000.0|2000.0|9500.000000000002|

Left plasmids:
L_H0:	3_0:8000,5_0:20000,4_0:3000,1_2:2000,1_1:2000,
L_H1:	9:5000,7_0:1000,6_0:5000,2_0:20000,4_1:3000,
L_H2:	7_1:1000,7_2:1000,8_0:4000,

Right plasmids:
R_M0:	1_0:2000,1_1:2000,3_0:8000,7_0:1000,
R_M1:	7_2:1000,6_0:5000,2_0:20000,4_1:3000,
R_M2:	1_2:2000,7_1:1000,5_0:20000,4_0:3000,8_0:4000,

Left splits:
{'7_2'}{'8_0', '7_1'}
{'7_2'}{'8_0', '7_1'}
{'3_0', '1_1'}{'5_0', '1_2', '4_0'}
{'3_0', '1_1'}{'5_0', '1_2', '4_0'}
{'7_0'}{'2_0', '6_0', '4_1'}
{'7_0'}{'2_0', '6_0', '4_1'}

Right splits:
{'2_0', '6_0', '4_1'}{'7_2'}
{'2_0', '6_0', '4_1'}{'7_2'}
{'5_0', '1_2', '4_0'}{'8_0', '7_1'}
{'5_0', '1_2', '4_0'}{'8_0', '7_1'}
{'3_0', '1_1'}{'7_0'}
{'3_0', '1_1'}{'7_0'}
#-------------------------



Combination 25
Score:		0.21428571428571427

Contribution of lengths to the difference score Left|Right|Common:		5000.0|2000.0|9500.0|

Left plasmids:
L_H0:	3_0:8000,5_0:20000,4_0:3000,1_0:2000,1_1:2000,
L_H1:	9:5000,7_0:1000,6_0:5000,2_0:20000,4_1:3000,
L_H2:	7_1:1000,7_2:1000,8_0:4000,

Right plasmids:
R_M0:	1_0:2000,1_1:2000,3_0:8000,7_1:1000,
R_M1:	7_0:1000,6_0:5000,2_0:20000,4_1:3000,
R_M2:	1_2:2000,7_2:1000,5_0:20000,4_0:3000,8_0:4000,

Left splits:
{'7_1'}{'8_0', '7_2'}
{'7_1'}{'8_0', '7_2'}
{'3_0', '1_1', '1_0'}{'5_0', '4_0'}
{'3_0', '1_0', '1_1'}{'5_0', '4_0'}
{'2_0', '6_0', '4_1', '7_0'}

Right splits:
{'5_0', '4_0'}{'8_0', '7_2'}
{'5_0', '4_0'}{'8_0', '7_2'}
{'3_0', '1_1', '1_0'}{'7_1'}
{'3_0', '1_0', '1_1'}{'7_1'}
{'2_0', '6_0', '4_1', '7_0'}
#-------------------------



Combination 29
Score:		0.21428571428571427

Contribution of lengths to the difference score Left|Right|Common:		5000.0|2000.0|9500.0|

Left plasmids:
L_H0:	3_0:8000,5_0:20000,4_0:3000,1_1:2000,1_0:2000,
L_H1:	9:5000,7_0:1000,6_0:5000,2_0:20000,4_1:3000,
L_H2:	7_1:1000,7_2:1000,8_0:4000,

Right plasmids:
R_M0:	1_0:2000,1_1:2000,3_0:8000,7_1:1000,
R_M1:	7_0:1000,6_0:5000,2_0:20000,4_1:3000,
R_M2:	1_2:2000,7_2:1000,5_0:20000,4_0:3000,8_0:4000,

Left splits:
{'7_1'}{'8_0', '7_2'}
{'7_1'}{'8_0', '7_2'}
{'3_0', '1_1', '1_0'}{'5_0', '4_0'}
{'3_0', '1_0', '1_1'}{'5_0', '4_0'}
{'2_0', '6_0', '4_1', '7_0'}

Right splits:
{'5_0', '4_0'}{'8_0', '7_2'}
{'5_0', '4_0'}{'8_0', '7_2'}
{'3_0', '1_1', '1_0'}{'7_1'}
{'3_0', '1_0', '1_1'}{'7_1'}
{'2_0', '6_0', '4_1', '7_0'}
#-------------------------



Combination 49
Score:		0.21428571428571427

Contribution of lengths to the difference score Left|Right|Common:		5000.0|2000.0|9500.0|

Left plasmids:
L_H0:	3_0:8000,5_0:20000,4_0:3000,1_0:2000,1_1:2000,
L_H1:	9:5000,7_0:1000,6_0:5000,2_0:20000,4_1:3000,
L_H2:	7_1:1000,7_2:1000,8_0:4000,

Right plasmids:
R_M0:	1_0:2000,1_1:2000,3_0:8000,7_2:1000,
R_M1:	7_0:1000,6_0:5000,2_0:20000,4_1:3000,
R_M2:	1_2:2000,7_1:1000,5_0:20000,4_0:3000,8_0:4000,

Left splits:
{'7_2'}{'8_0', '7_1'}
{'7_2'}{'8_0', '7_1'}
{'3_0', '1_1', '1_0'}{'5_0', '4_0'}
{'3_0', '1_0', '1_1'}{'5_0', '4_0'}
{'2_0', '6_0', '4_1', '7_0'}

Right splits:
{'5_0', '4_0'}{'8_0', '7_1'}
{'5_0', '4_0'}{'8_0', '7_1'}
{'3_0', '1_1', '1_0'}{'7_2'}
{'3_0', '1_0', '1_1'}{'7_2'}
{'2_0', '6_0', '4_1', '7_0'}
#-------------------------



Combination 53
Score:		0.21428571428571427

Contribution of lengths to the difference score Left|Right|Common:		5000.0|2000.0|9500.0|

Left plasmids:
L_H0:	3_0:8000,5_0:20000,4_0:3000,1_1:2000,1_0:2000,
L_H1:	9:5000,7_0:1000,6_0:5000,2_0:20000,4_1:3000,
L_H2:	7_1:1000,7_2:1000,8_0:4000,

Right plasmids:
R_M0:	1_0:2000,1_1:2000,3_0:8000,7_2:1000,
R_M1:	7_0:1000,6_0:5000,2_0:20000,4_1:3000,
R_M2:	1_2:2000,7_1:1000,5_0:20000,4_0:3000,8_0:4000,

Left splits:
{'7_2'}{'8_0', '7_1'}
{'7_2'}{'8_0', '7_1'}
{'3_0', '1_1', '1_0'}{'5_0', '4_0'}
{'3_0', '1_0', '1_1'}{'5_0', '4_0'}
{'2_0', '6_0', '4_1', '7_0'}

Right splits:
{'5_0', '4_0'}{'8_0', '7_1'}
{'5_0', '4_0'}{'8_0', '7_1'}
{'3_0', '1_1', '1_0'}{'7_2'}
{'3_0', '1_0', '1_1'}{'7_2'}
{'2_0', '6_0', '4_1', '7_0'}
#-------------------------



Combination 39
Score:		0.22077922077922077

Contribution of lengths to the difference score Left|Right|Common:		5000.0|2000.0|10000.0|

Left plasmids:
L_H0:	3_0:8000,5_0:20000,4_0:3000,1_0:2000,1_2:2000,
L_H1:	9:5000,7_0:1000,6_0:5000,2_0:20000,4_1:3000,
L_H2:	7_1:1000,7_2:1000,8_0:4000,

Right plasmids:
R_M0:	1_0:2000,1_1:2000,3_0:8000,7_1:1000,
R_M1:	7_2:1000,6_0:5000,2_0:20000,4_1:3000,
R_M2:	1_2:2000,7_0:1000,5_0:20000,4_0:3000,8_0:4000,

Left splits:
{'7_1'}{'8_0', '7_2'}
{'7_1'}{'7_2'}{'8_0'}
{'7_1'}{'7_2'}{'8_0'}
{'3_0', '1_0'}{'5_0', '1_2', '4_0'}
{'3_0', '1_0'}{'5_0', '1_2', '4_0'}
{'2_0', '6_0', '4_1'}{'7_0'}
{'2_0', '6_0', '4_1'}{'7_0'}

Right splits:
{'2_0', '6_0', '4_1'}{'7_2'}
{'2_0', '6_0', '4_1'}{'7_2'}
{'5_0', '1_2', '4_0'}{'8_0', '7_0'}
{'5_0', '1_2', '4_0'}{'7_0'}{'8_0'}
{'5_0', '1_2', '4_0'}{'7_0'}{'8_0'}
{'3_0', '1_0'}{'7_1'}
{'3_0', '1_0'}{'7_1'}
#-------------------------



Combination 43
Score:		0.22077922077922077

Contribution of lengths to the difference score Left|Right|Common:		5000.0|2000.0|10000.0|

Left plasmids:
L_H0:	3_0:8000,5_0:20000,4_0:3000,1_1:2000,1_2:2000,
L_H1:	9:5000,7_0:1000,6_0:5000,2_0:20000,4_1:3000,
L_H2:	7_1:1000,7_2:1000,8_0:4000,

Right plasmids:
R_M0:	1_0:2000,1_1:2000,3_0:8000,7_1:1000,
R_M1:	7_2:1000,6_0:5000,2_0:20000,4_1:3000,
R_M2:	1_2:2000,7_0:1000,5_0:20000,4_0:3000,8_0:4000,

Left splits:
{'7_1'}{'8_0', '7_2'}
{'7_1'}{'7_2'}{'8_0'}
{'7_1'}{'7_2'}{'8_0'}
{'3_0', '1_1'}{'5_0', '1_2', '4_0'}
{'3_0', '1_1'}{'5_0', '1_2', '4_0'}
{'2_0', '6_0', '4_1'}{'7_0'}
{'2_0', '6_0', '4_1'}{'7_0'}

Right splits:
{'2_0', '6_0', '4_1'}{'7_2'}
{'2_0', '6_0', '4_1'}{'7_2'}
{'5_0', '1_2', '4_0'}{'8_0', '7_0'}
{'5_0', '1_2', '4_0'}{'7_0'}{'8_0'}
{'5_0', '1_2', '4_0'}{'7_0'}{'8_0'}
{'3_0', '1_1'}{'7_1'}
{'3_0', '1_1'}{'7_1'}
#-------------------------



Combination 45
Score:		0.22077922077922077

Contribution of lengths to the difference score Left|Right|Common:		5000.0|2000.0|10000.0|

Left plasmids:
L_H0:	3_0:8000,5_0:20000,4_0:3000,1_2:2000,1_0:2000,
L_H1:	9:5000,7_0:1000,6_0:5000,2_0:20000,4_1:3000,
L_H2:	7_1:1000,7_2:1000,8_0:4000,

Right plasmids:
R_M0:	1_0:2000,1_1:2000,3_0:8000,7_1:1000,
R_M1:	7_2:1000,6_0:5000,2_0:20000,4_1:3000,
R_M2:	1_2:2000,7_0:1000,5_0:20000,4_0:3000,8_0:4000,

Left splits:
{'7_1'}{'8_0', '7_2'}
{'7_1'}{'7_2'}{'8_0'}
{'7_1'}{'7_2'}{'8_0'}
{'3_0', '1_0'}{'5_0', '1_2', '4_0'}
{'3_0', '1_0'}{'5_0', '1_2', '4_0'}
{'2_0', '6_0', '4_1'}{'7_0'}
{'2_0', '6_0', '4_1'}{'7_0'}

Right splits:
{'2_0', '6_0', '4_1'}{'7_2'}
{'2_0', '6_0', '4_1'}{'7_2'}
{'5_0', '1_2', '4_0'}{'8_0', '7_0'}
{'5_0', '1_2', '4_0'}{'7_0'}{'8_0'}
{'5_0', '1_2', '4_0'}{'7_0'}{'8_0'}
{'3_0', '1_0'}{'7_1'}
{'3_0', '1_0'}{'7_1'}
#-------------------------



Combination 47
Score:		0.22077922077922077

Contribution of lengths to the difference score Left|Right|Common:		5000.0|2000.0|10000.0|

Left plasmids:
L_H0:	3_0:8000,5_0:20000,4_0:3000,1_2:2000,1_1:2000,
L_H1:	9:5000,7_0:1000,6_0:5000,2_0:20000,4_1:3000,
L_H2:	7_1:1000,7_2:1000,8_0:4000,

Right plasmids:
R_M0:	1_0:2000,1_1:2000,3_0:8000,7_1:1000,
R_M1:	7_2:1000,6_0:5000,2_0:20000,4_1:3000,
R_M2:	1_2:2000,7_0:1000,5_0:20000,4_0:3000,8_0:4000,

Left splits:
{'7_1'}{'8_0', '7_2'}
{'7_1'}{'7_2'}{'8_0'}
{'7_1'}{'7_2'}{'8_0'}
{'3_0', '1_1'}{'5_0', '1_2', '4_0'}
{'3_0', '1_1'}{'5_0', '1_2', '4_0'}
{'2_0', '6_0', '4_1'}{'7_0'}
{'2_0', '6_0', '4_1'}{'7_0'}

Right splits:
{'2_0', '6_0', '4_1'}{'7_2'}
{'2_0', '6_0', '4_1'}{'7_2'}
{'5_0', '1_2', '4_0'}{'8_0', '7_0'}
{'5_0', '1_2', '4_0'}{'7_0'}{'8_0'}
{'5_0', '1_2', '4_0'}{'7_0'}{'8_0'}
{'3_0', '1_1'}{'7_1'}
{'3_0', '1_1'}{'7_1'}
#-------------------------



Combination 63
Score:		0.22077922077922077

Contribution of lengths to the difference score Left|Right|Common:		5000.0|2000.0|10000.0|

Left plasmids:
L_H0:	3_0:8000,5_0:20000,4_0:3000,1_0:2000,1_2:2000,
L_H1:	9:5000,7_0:1000,6_0:5000,2_0:20000,4_1:3000,
L_H2:	7_1:1000,7_2:1000,8_0:4000,

Right plasmids:
R_M0:	1_0:2000,1_1:2000,3_0:8000,7_2:1000,
R_M1:	7_1:1000,6_0:5000,2_0:20000,4_1:3000,
R_M2:	1_2:2000,7_0:1000,5_0:20000,4_0:3000,8_0:4000,

Left splits:
{'7_2'}{'8_0', '7_1'}
{'7_2'}{'7_1'}{'8_0'}
{'7_2'}{'7_1'}{'8_0'}
{'3_0', '1_0'}{'5_0', '1_2', '4_0'}
{'3_0', '1_0'}{'5_0', '1_2', '4_0'}
{'2_0', '6_0', '4_1'}{'7_0'}
{'2_0', '6_0', '4_1'}{'7_0'}

Right splits:
{'2_0', '6_0', '4_1'}{'7_1'}
{'2_0', '6_0', '4_1'}{'7_1'}
{'5_0', '1_2', '4_0'}{'8_0', '7_0'}
{'5_0', '1_2', '4_0'}{'7_0'}{'8_0'}
{'5_0', '1_2', '4_0'}{'7_0'}{'8_0'}
{'3_0', '1_0'}{'7_2'}
{'3_0', '1_0'}{'7_2'}
#-------------------------



Combination 67
Score:		0.22077922077922077

Contribution of lengths to the difference score Left|Right|Common:		5000.0|2000.0|10000.0|

Left plasmids:
L_H0:	3_0:8000,5_0:20000,4_0:3000,1_1:2000,1_2:2000,
L_H1:	9:5000,7_0:1000,6_0:5000,2_0:20000,4_1:3000,
L_H2:	7_1:1000,7_2:1000,8_0:4000,

Right plasmids:
R_M0:	1_0:2000,1_1:2000,3_0:8000,7_2:1000,
R_M1:	7_1:1000,6_0:5000,2_0:20000,4_1:3000,
R_M2:	1_2:2000,7_0:1000,5_0:20000,4_0:3000,8_0:4000,

Left splits:
{'7_2'}{'8_0', '7_1'}
{'7_2'}{'7_1'}{'8_0'}
{'7_2'}{'7_1'}{'8_0'}
{'3_0', '1_1'}{'5_0', '1_2', '4_0'}
{'3_0', '1_1'}{'5_0', '1_2', '4_0'}
{'2_0', '6_0', '4_1'}{'7_0'}
{'2_0', '6_0', '4_1'}{'7_0'}

Right splits:
{'2_0', '6_0', '4_1'}{'7_1'}
{'2_0', '6_0', '4_1'}{'7_1'}
{'5_0', '1_2', '4_0'}{'8_0', '7_0'}
{'5_0', '1_2', '4_0'}{'7_0'}{'8_0'}
{'5_0', '1_2', '4_0'}{'7_0'}{'8_0'}
{'3_0', '1_1'}{'7_2'}
{'3_0', '1_1'}{'7_2'}
#-------------------------



Combination 69
Score:		0.22077922077922077

Contribution of lengths to the difference score Left|Right|Common:		5000.0|2000.0|10000.0|

Left plasmids:
L_H0:	3_0:8000,5_0:20000,4_0:3000,1_2:2000,1_0:2000,
L_H1:	9:5000,7_0:1000,6_0:5000,2_0:20000,4_1:3000,
L_H2:	7_1:1000,7_2:1000,8_0:4000,

Right plasmids:
R_M0:	1_0:2000,1_1:2000,3_0:8000,7_2:1000,
R_M1:	7_1:1000,6_0:5000,2_0:20000,4_1:3000,
R_M2:	1_2:2000,7_0:1000,5_0:20000,4_0:3000,8_0:4000,

Left splits:
{'7_2'}{'8_0', '7_1'}
{'7_2'}{'7_1'}{'8_0'}
{'7_2'}{'7_1'}{'8_0'}
{'3_0', '1_0'}{'5_0', '1_2', '4_0'}
{'3_0', '1_0'}{'5_0', '1_2', '4_0'}
{'2_0', '6_0', '4_1'}{'7_0'}
{'2_0', '6_0', '4_1'}{'7_0'}

Right splits:
{'2_0', '6_0', '4_1'}{'7_1'}
{'2_0', '6_0', '4_1'}{'7_1'}
{'5_0', '1_2', '4_0'}{'8_0', '7_0'}
{'5_0', '1_2', '4_0'}{'7_0'}{'8_0'}
{'5_0', '1_2', '4_0'}{'7_0'}{'8_0'}
{'3_0', '1_0'}{'7_2'}
{'3_0', '1_0'}{'7_2'}
#-------------------------



Combination 71
Score:		0.22077922077922077

Contribution of lengths to the difference score Left|Right|Common:		5000.0|2000.0|10000.0|

Left plasmids:
L_H0:	3_0:8000,5_0:20000,4_0:3000,1_2:2000,1_1:2000,
L_H1:	9:5000,7_0:1000,6_0:5000,2_0:20000,4_1:3000,
L_H2:	7_1:1000,7_2:1000,8_0:4000,

Right plasmids:
R_M0:	1_0:2000,1_1:2000,3_0:8000,7_2:1000,
R_M1:	7_1:1000,6_0:5000,2_0:20000,4_1:3000,
R_M2:	1_2:2000,7_0:1000,5_0:20000,4_0:3000,8_0:4000,

Left splits:
{'7_2'}{'8_0', '7_1'}
{'7_2'}{'7_1'}{'8_0'}
{'7_2'}{'7_1'}{'8_0'}
{'3_0', '1_1'}{'5_0', '1_2', '4_0'}
{'3_0', '1_1'}{'5_0', '1_2', '4_0'}
{'2_0', '6_0', '4_1'}{'7_0'}
{'2_0', '6_0', '4_1'}{'7_0'}

Right splits:
{'2_0', '6_0', '4_1'}{'7_1'}
{'2_0', '6_0', '4_1'}{'7_1'}
{'5_0', '1_2', '4_0'}{'8_0', '7_0'}
{'5_0', '1_2', '4_0'}{'7_0'}{'8_0'}
{'5_0', '1_2', '4_0'}{'7_0'}{'8_0'}
{'3_0', '1_1'}{'7_2'}
{'3_0', '1_1'}{'7_2'}
#-------------------------



Combination 1
Score:		0.22727272727272727

Contribution of lengths to the difference score Left|Right|Common:		5000.0|2000.0|10500.000000000002|

Left plasmids:
L_H0:	3_0:8000,5_0:20000,4_0:3000,1_0:2000,1_1:2000,
L_H1:	9:5000,7_0:1000,6_0:5000,2_0:20000,4_1:3000,
L_H2:	7_1:1000,7_2:1000,8_0:4000,

Right plasmids:
R_M0:	1_0:2000,1_1:2000,3_0:8000,7_0:1000,
R_M1:	7_1:1000,6_0:5000,2_0:20000,4_1:3000,
R_M2:	1_2:2000,7_2:1000,5_0:20000,4_0:3000,8_0:4000,

Left splits:
{'7_1'}{'8_0', '7_2'}
{'7_1'}{'8_0', '7_2'}
{'3_0', '1_1', '1_0'}{'5_0', '4_0'}
{'3_0', '1_0', '1_1'}{'5_0', '4_0'}
{'7_0'}{'2_0', '6_0', '4_1'}
{'7_0'}{'2_0', '6_0', '4_1'}

Right splits:
{'2_0', '6_0', '4_1'}{'7_1'}
{'2_0', '6_0', '4_1'}{'7_1'}
{'5_0', '4_0'}{'8_0', '7_2'}
{'5_0', '4_0'}{'8_0', '7_2'}
{'3_0', '1_1', '1_0'}{'7_0'}
{'3_0', '1_0', '1_1'}{'7_0'}
#-------------------------



Combination 5
Score:		0.22727272727272727

Contribution of lengths to the difference score Left|Right|Common:		5000.0|2000.0|10500.000000000002|

Left plasmids:
L_H0:	3_0:8000,5_0:20000,4_0:3000,1_1:2000,1_0:2000,
L_H1:	9:5000,7_0:1000,6_0:5000,2_0:20000,4_1:3000,
L_H2:	7_1:1000,7_2:1000,8_0:4000,

Right plasmids:
R_M0:	1_0:2000,1_1:2000,3_0:8000,7_0:1000,
R_M1:	7_1:1000,6_0:5000,2_0:20000,4_1:3000,
R_M2:	1_2:2000,7_2:1000,5_0:20000,4_0:3000,8_0:4000,

Left splits:
{'7_1'}{'8_0', '7_2'}
{'7_1'}{'8_0', '7_2'}
{'3_0', '1_1', '1_0'}{'5_0', '4_0'}
{'3_0', '1_0', '1_1'}{'5_0', '4_0'}
{'7_0'}{'2_0', '6_0', '4_1'}
{'7_0'}{'2_0', '6_0', '4_1'}

Right splits:
{'2_0', '6_0', '4_1'}{'7_1'}
{'2_0', '6_0', '4_1'}{'7_1'}
{'5_0', '4_0'}{'8_0', '7_2'}
{'5_0', '4_0'}{'8_0', '7_2'}
{'3_0', '1_1', '1_0'}{'7_0'}
{'3_0', '1_0', '1_1'}{'7_0'}
#-------------------------



Combination 13
Score:		0.22727272727272727

Contribution of lengths to the difference score Left|Right|Common:		5000.0|2000.0|10500.000000000002|

Left plasmids:
L_H0:	3_0:8000,5_0:20000,4_0:3000,1_0:2000,1_1:2000,
L_H1:	9:5000,7_0:1000,6_0:5000,2_0:20000,4_1:3000,
L_H2:	7_1:1000,7_2:1000,8_0:4000,

Right plasmids:
R_M0:	1_0:2000,1_1:2000,3_0:8000,7_0:1000,
R_M1:	7_2:1000,6_0:5000,2_0:20000,4_1:3000,
R_M2:	1_2:2000,7_1:1000,5_0:20000,4_0:3000,8_0:4000,

Left splits:
{'7_2'}{'8_0', '7_1'}
{'7_2'}{'8_0', '7_1'}
{'3_0', '1_1', '1_0'}{'5_0', '4_0'}
{'3_0', '1_0', '1_1'}{'5_0', '4_0'}
{'7_0'}{'2_0', '6_0', '4_1'}
{'7_0'}{'2_0', '6_0', '4_1'}

Right splits:
{'2_0', '6_0', '4_1'}{'7_2'}
{'2_0', '6_0', '4_1'}{'7_2'}
{'5_0', '4_0'}{'8_0', '7_1'}
{'5_0', '4_0'}{'8_0', '7_1'}
{'3_0', '1_1', '1_0'}{'7_0'}
{'3_0', '1_0', '1_1'}{'7_0'}
#-------------------------



Combination 17
Score:		0.22727272727272727

Contribution of lengths to the difference score Left|Right|Common:		5000.0|2000.0|10500.000000000002|

Left plasmids:
L_H0:	3_0:8000,5_0:20000,4_0:3000,1_1:2000,1_0:2000,
L_H1:	9:5000,7_0:1000,6_0:5000,2_0:20000,4_1:3000,
L_H2:	7_1:1000,7_2:1000,8_0:4000,

Right plasmids:
R_M0:	1_0:2000,1_1:2000,3_0:8000,7_0:1000,
R_M1:	7_2:1000,6_0:5000,2_0:20000,4_1:3000,
R_M2:	1_2:2000,7_1:1000,5_0:20000,4_0:3000,8_0:4000,

Left splits:
{'7_2'}{'8_0', '7_1'}
{'7_2'}{'8_0', '7_1'}
{'3_0', '1_1', '1_0'}{'5_0', '4_0'}
{'3_0', '1_0', '1_1'}{'5_0', '4_0'}
{'7_0'}{'2_0', '6_0', '4_1'}
{'7_0'}{'2_0', '6_0', '4_1'}

Right splits:
{'2_0', '6_0', '4_1'}{'7_2'}
{'2_0', '6_0', '4_1'}{'7_2'}
{'5_0', '4_0'}{'8_0', '7_1'}
{'5_0', '4_0'}{'8_0', '7_1'}
{'3_0', '1_1', '1_0'}{'7_0'}
{'3_0', '1_0', '1_1'}{'7_0'}
#-------------------------



Combination 37
Score:		0.23376623376623376

Contribution of lengths to the difference score Left|Right|Common:		5000.0|2000.0|11000.0|

Left plasmids:
L_H0:	3_0:8000,5_0:20000,4_0:3000,1_0:2000,1_1:2000,
L_H1:	9:5000,7_0:1000,6_0:5000,2_0:20000,4_1:3000,
L_H2:	7_1:1000,7_2:1000,8_0:4000,

Right plasmids:
R_M0:	1_0:2000,1_1:2000,3_0:8000,7_1:1000,
R_M1:	7_2:1000,6_0:5000,2_0:20000,4_1:3000,
R_M2:	1_2:2000,7_0:1000,5_0:20000,4_0:3000,8_0:4000,

Left splits:
{'7_1'}{'8_0', '7_2'}
{'7_1'}{'7_2'}{'8_0'}
{'7_1'}{'7_2'}{'8_0'}
{'3_0', '1_1', '1_0'}{'5_0', '4_0'}
{'3_0', '1_0', '1_1'}{'5_0', '4_0'}
{'2_0', '6_0', '4_1'}{'7_0'}
{'2_0', '6_0', '4_1'}{'7_0'}

Right splits:
{'2_0', '6_0', '4_1'}{'7_2'}
{'2_0', '6_0', '4_1'}{'7_2'}
{'5_0', '4_0'}{'8_0', '7_0'}
{'5_0', '4_0'}{'7_0'}{'8_0'}
{'5_0', '4_0'}{'7_0'}{'8_0'}
{'3_0', '1_1', '1_0'}{'7_1'}
{'3_0', '1_0', '1_1'}{'7_1'}
#-------------------------



Combination 41
Score:		0.23376623376623376

Contribution of lengths to the difference score Left|Right|Common:		5000.0|2000.0|11000.0|

Left plasmids:
L_H0:	3_0:8000,5_0:20000,4_0:3000,1_1:2000,1_0:2000,
L_H1:	9:5000,7_0:1000,6_0:5000,2_0:20000,4_1:3000,
L_H2:	7_1:1000,7_2:1000,8_0:4000,

Right plasmids:
R_M0:	1_0:2000,1_1:2000,3_0:8000,7_1:1000,
R_M1:	7_2:1000,6_0:5000,2_0:20000,4_1:3000,
R_M2:	1_2:2000,7_0:1000,5_0:20000,4_0:3000,8_0:4000,

Left splits:
{'7_1'}{'8_0', '7_2'}
{'7_1'}{'7_2'}{'8_0'}
{'7_1'}{'7_2'}{'8_0'}
{'3_0', '1_1', '1_0'}{'5_0', '4_0'}
{'3_0', '1_0', '1_1'}{'5_0', '4_0'}
{'2_0', '6_0', '4_1'}{'7_0'}
{'2_0', '6_0', '4_1'}{'7_0'}

Right splits:
{'2_0', '6_0', '4_1'}{'7_2'}
{'2_0', '6_0', '4_1'}{'7_2'}
{'5_0', '4_0'}{'8_0', '7_0'}
{'5_0', '4_0'}{'7_0'}{'8_0'}
{'5_0', '4_0'}{'7_0'}{'8_0'}
{'3_0', '1_1', '1_0'}{'7_1'}
{'3_0', '1_0', '1_1'}{'7_1'}
#-------------------------



Combination 61
Score:		0.23376623376623376

Contribution of lengths to the difference score Left|Right|Common:		5000.0|2000.0|11000.0|

Left plasmids:
L_H0:	3_0:8000,5_0:20000,4_0:3000,1_0:2000,1_1:2000,
L_H1:	9:5000,7_0:1000,6_0:5000,2_0:20000,4_1:3000,
L_H2:	7_1:1000,7_2:1000,8_0:4000,

Right plasmids:
R_M0:	1_0:2000,1_1:2000,3_0:8000,7_2:1000,
R_M1:	7_1:1000,6_0:5000,2_0:20000,4_1:3000,
R_M2:	1_2:2000,7_0:1000,5_0:20000,4_0:3000,8_0:4000,

Left splits:
{'7_2'}{'8_0', '7_1'}
{'7_2'}{'7_1'}{'8_0'}
{'7_2'}{'7_1'}{'8_0'}
{'3_0', '1_1', '1_0'}{'5_0', '4_0'}
{'3_0', '1_0', '1_1'}{'5_0', '4_0'}
{'2_0', '6_0', '4_1'}{'7_0'}
{'2_0', '6_0', '4_1'}{'7_0'}

Right splits:
{'2_0', '6_0', '4_1'}{'7_1'}
{'2_0', '6_0', '4_1'}{'7_1'}
{'5_0', '4_0'}{'8_0', '7_0'}
{'5_0', '4_0'}{'7_0'}{'8_0'}
{'5_0', '4_0'}{'7_0'}{'8_0'}
{'3_0', '1_1', '1_0'}{'7_2'}
{'3_0', '1_0', '1_1'}{'7_2'}
#-------------------------



Combination 65
Score:		0.23376623376623376

Contribution of lengths to the difference score Left|Right|Common:		5000.0|2000.0|11000.0|

Left plasmids:
L_H0:	3_0:8000,5_0:20000,4_0:3000,1_1:2000,1_0:2000,
L_H1:	9:5000,7_0:1000,6_0:5000,2_0:20000,4_1:3000,
L_H2:	7_1:1000,7_2:1000,8_0:4000,

Right plasmids:
R_M0:	1_0:2000,1_1:2000,3_0:8000,7_2:1000,
R_M1:	7_1:1000,6_0:5000,2_0:20000,4_1:3000,
R_M2:	1_2:2000,7_0:1000,5_0:20000,4_0:3000,8_0:4000,

Left splits:
{'7_2'}{'8_0', '7_1'}
{'7_2'}{'7_1'}{'8_0'}
{'7_2'}{'7_1'}{'8_0'}
{'3_0', '1_1', '1_0'}{'5_0', '4_0'}
{'3_0', '1_0', '1_1'}{'5_0', '4_0'}
{'2_0', '6_0', '4_1'}{'7_0'}
{'2_0', '6_0', '4_1'}{'7_0'}

Right splits:
{'2_0', '6_0', '4_1'}{'7_1'}
{'2_0', '6_0', '4_1'}{'7_1'}
{'5_0', '4_0'}{'8_0', '7_0'}
{'5_0', '4_0'}{'7_0'}{'8_0'}
{'5_0', '4_0'}{'7_0'}{'8_0'}
{'3_0', '1_1', '1_0'}{'7_2'}
{'3_0', '1_0', '1_1'}{'7_2'}
#-------------------------



Combination 26
Score:		0.2792207792207792

Contribution of lengths to the difference score Left|Right|Common:		5000.0|2000.0|14499.999999999998|

Left plasmids:
L_H0:	3_0:8000,5_0:20000,4_0:3000,1_0:2000,1_2:2000,
L_H1:	9:5000,7_0:1000,6_0:5000,2_0:20000,4_1:3000,
L_H2:	7_1:1000,7_2:1000,8_0:4000,

Right plasmids:
R_M0:	1_0:2000,1_1:2000,3_0:8000,7_1:1000,
R_M1:	7_0:1000,6_0:5000,2_0:20000,4_0:3000,
R_M2:	1_2:2000,7_2:1000,5_0:20000,4_1:3000,8_0:4000,

Left splits:
{'7_1'}{'8_0', '7_2'}
{'7_1'}{'8_0', '7_2'}
{'3_0', '1_0'}{'5_0', '1_2', '4_0'}
{'3_0', '1_0'}{'4_0'}{'5_0', '1_2'}
{'3_0', '1_0'}{'4_0'}{'5_0', '1_2'}
{'2_0', '6_0', '7_0'}{'4_1'}
{'2_0', '6_0', '7_0'}{'4_1'}

Right splits:
{'4_0'}{'2_0', '6_0', '7_0'}
{'4_0'}{'2_0', '6_0', '7_0'}
{'5_0', '1_2'}{'8_0', '4_1', '7_2'}
{'5_0', '1_2'}{'4_1'}{'8_0', '7_2'}
{'5_0', '1_2'}{'4_1'}{'8_0', '7_2'}
{'3_0', '1_0'}{'7_1'}
{'3_0', '1_0'}{'7_1'}
#-------------------------



Combination 30
Score:		0.2792207792207792

Contribution of lengths to the difference score Left|Right|Common:		5000.0|2000.0|14499.999999999998|

Left plasmids:
L_H0:	3_0:8000,5_0:20000,4_0:3000,1_1:2000,1_2:2000,
L_H1:	9:5000,7_0:1000,6_0:5000,2_0:20000,4_1:3000,
L_H2:	7_1:1000,7_2:1000,8_0:4000,

Right plasmids:
R_M0:	1_0:2000,1_1:2000,3_0:8000,7_1:1000,
R_M1:	7_0:1000,6_0:5000,2_0:20000,4_0:3000,
R_M2:	1_2:2000,7_2:1000,5_0:20000,4_1:3000,8_0:4000,

Left splits:
{'7_1'}{'8_0', '7_2'}
{'7_1'}{'8_0', '7_2'}
{'3_0', '1_1'}{'5_0', '1_2', '4_0'}
{'3_0', '1_1'}{'4_0'}{'5_0', '1_2'}
{'3_0', '1_1'}{'4_0'}{'5_0', '1_2'}
{'2_0', '6_0', '7_0'}{'4_1'}
{'2_0', '6_0', '7_0'}{'4_1'}

Right splits:
{'4_0'}{'2_0', '6_0', '7_0'}
{'4_0'}{'2_0', '6_0', '7_0'}
{'5_0', '1_2'}{'8_0', '4_1', '7_2'}
{'5_0', '1_2'}{'4_1'}{'8_0', '7_2'}
{'5_0', '1_2'}{'4_1'}{'8_0', '7_2'}
{'3_0', '1_1'}{'7_1'}
{'3_0', '1_1'}{'7_1'}
#-------------------------



Combination 32
Score:		0.2792207792207792

Contribution of lengths to the difference score Left|Right|Common:		5000.0|2000.0|14499.999999999998|

Left plasmids:
L_H0:	3_0:8000,5_0:20000,4_0:3000,1_2:2000,1_0:2000,
L_H1:	9:5000,7_0:1000,6_0:5000,2_0:20000,4_1:3000,
L_H2:	7_1:1000,7_2:1000,8_0:4000,

Right plasmids:
R_M0:	1_0:2000,1_1:2000,3_0:8000,7_1:1000,
R_M1:	7_0:1000,6_0:5000,2_0:20000,4_0:3000,
R_M2:	1_2:2000,7_2:1000,5_0:20000,4_1:3000,8_0:4000,

Left splits:
{'7_1'}{'8_0', '7_2'}
{'7_1'}{'8_0', '7_2'}
{'3_0', '1_0'}{'5_0', '1_2', '4_0'}
{'3_0', '1_0'}{'4_0'}{'5_0', '1_2'}
{'3_0', '1_0'}{'4_0'}{'5_0', '1_2'}
{'2_0', '6_0', '7_0'}{'4_1'}
{'2_0', '6_0', '7_0'}{'4_1'}

Right splits:
{'4_0'}{'2_0', '6_0', '7_0'}
{'4_0'}{'2_0', '6_0', '7_0'}
{'5_0', '1_2'}{'8_0', '4_1', '7_2'}
{'5_0', '1_2'}{'4_1'}{'8_0', '7_2'}
{'5_0', '1_2'}{'4_1'}{'8_0', '7_2'}
{'3_0', '1_0'}{'7_1'}
{'3_0', '1_0'}{'7_1'}
#-------------------------



Combination 34
Score:		0.2792207792207792

Contribution of lengths to the difference score Left|Right|Common:		5000.0|2000.0|14499.999999999998|

Left plasmids:
L_H0:	3_0:8000,5_0:20000,4_0:3000,1_2:2000,1_1:2000,
L_H1:	9:5000,7_0:1000,6_0:5000,2_0:20000,4_1:3000,
L_H2:	7_1:1000,7_2:1000,8_0:4000,

Right plasmids:
R_M0:	1_0:2000,1_1:2000,3_0:8000,7_1:1000,
R_M1:	7_0:1000,6_0:5000,2_0:20000,4_0:3000,
R_M2:	1_2:2000,7_2:1000,5_0:20000,4_1:3000,8_0:4000,

Left splits:
{'7_1'}{'8_0', '7_2'}
{'7_1'}{'8_0', '7_2'}
{'3_0', '1_1'}{'5_0', '1_2', '4_0'}
{'3_0', '1_1'}{'4_0'}{'5_0', '1_2'}
{'3_0', '1_1'}{'4_0'}{'5_0', '1_2'}
{'2_0', '6_0', '7_0'}{'4_1'}
{'2_0', '6_0', '7_0'}{'4_1'}

Right splits:
{'4_0'}{'2_0', '6_0', '7_0'}
{'4_0'}{'2_0', '6_0', '7_0'}
{'5_0', '1_2'}{'8_0', '4_1', '7_2'}
{'5_0', '1_2'}{'4_1'}{'8_0', '7_2'}
{'5_0', '1_2'}{'4_1'}{'8_0', '7_2'}
{'3_0', '1_1'}{'7_1'}
{'3_0', '1_1'}{'7_1'}
#-------------------------



Combination 50
Score:		0.2792207792207792

Contribution of lengths to the difference score Left|Right|Common:		5000.0|2000.0|14499.999999999998|

Left plasmids:
L_H0:	3_0:8000,5_0:20000,4_0:3000,1_0:2000,1_2:2000,
L_H1:	9:5000,7_0:1000,6_0:5000,2_0:20000,4_1:3000,
L_H2:	7_1:1000,7_2:1000,8_0:4000,

Right plasmids:
R_M0:	1_0:2000,1_1:2000,3_0:8000,7_2:1000,
R_M1:	7_0:1000,6_0:5000,2_0:20000,4_0:3000,
R_M2:	1_2:2000,7_1:1000,5_0:20000,4_1:3000,8_0:4000,

Left splits:
{'7_2'}{'8_0', '7_1'}
{'7_2'}{'8_0', '7_1'}
{'3_0', '1_0'}{'5_0', '1_2', '4_0'}
{'3_0', '1_0'}{'4_0'}{'5_0', '1_2'}
{'3_0', '1_0'}{'4_0'}{'5_0', '1_2'}
{'2_0', '6_0', '7_0'}{'4_1'}
{'2_0', '6_0', '7_0'}{'4_1'}

Right splits:
{'4_0'}{'2_0', '6_0', '7_0'}
{'4_0'}{'2_0', '6_0', '7_0'}
{'5_0', '1_2'}{'8_0', '7_1', '4_1'}
{'5_0', '1_2'}{'4_1'}{'8_0', '7_1'}
{'5_0', '1_2'}{'4_1'}{'8_0', '7_1'}
{'3_0', '1_0'}{'7_2'}
{'3_0', '1_0'}{'7_2'}
#-------------------------



Combination 54
Score:		0.2792207792207792

Contribution of lengths to the difference score Left|Right|Common:		5000.0|2000.0|14499.999999999998|

Left plasmids:
L_H0:	3_0:8000,5_0:20000,4_0:3000,1_1:2000,1_2:2000,
L_H1:	9:5000,7_0:1000,6_0:5000,2_0:20000,4_1:3000,
L_H2:	7_1:1000,7_2:1000,8_0:4000,

Right plasmids:
R_M0:	1_0:2000,1_1:2000,3_0:8000,7_2:1000,
R_M1:	7_0:1000,6_0:5000,2_0:20000,4_0:3000,
R_M2:	1_2:2000,7_1:1000,5_0:20000,4_1:3000,8_0:4000,

Left splits:
{'7_2'}{'8_0', '7_1'}
{'7_2'}{'8_0', '7_1'}
{'3_0', '1_1'}{'5_0', '1_2', '4_0'}
{'3_0', '1_1'}{'4_0'}{'5_0', '1_2'}
{'3_0', '1_1'}{'4_0'}{'5_0', '1_2'}
{'2_0', '6_0', '7_0'}{'4_1'}
{'2_0', '6_0', '7_0'}{'4_1'}

Right splits:
{'4_0'}{'2_0', '6_0', '7_0'}
{'4_0'}{'2_0', '6_0', '7_0'}
{'5_0', '1_2'}{'8_0', '7_1', '4_1'}
{'5_0', '1_2'}{'4_1'}{'8_0', '7_1'}
{'5_0', '1_2'}{'4_1'}{'8_0', '7_1'}
{'3_0', '1_1'}{'7_2'}
{'3_0', '1_1'}{'7_2'}
#-------------------------



Combination 56
Score:		0.2792207792207792

Contribution of lengths to the difference score Left|Right|Common:		5000.0|2000.0|14499.999999999998|

Left plasmids:
L_H0:	3_0:8000,5_0:20000,4_0:3000,1_2:2000,1_0:2000,
L_H1:	9:5000,7_0:1000,6_0:5000,2_0:20000,4_1:3000,
L_H2:	7_1:1000,7_2:1000,8_0:4000,

Right plasmids:
R_M0:	1_0:2000,1_1:2000,3_0:8000,7_2:1000,
R_M1:	7_0:1000,6_0:5000,2_0:20000,4_0:3000,
R_M2:	1_2:2000,7_1:1000,5_0:20000,4_1:3000,8_0:4000,

Left splits:
{'7_2'}{'8_0', '7_1'}
{'7_2'}{'8_0', '7_1'}
{'3_0', '1_0'}{'5_0', '1_2', '4_0'}
{'3_0', '1_0'}{'4_0'}{'5_0', '1_2'}
{'3_0', '1_0'}{'4_0'}{'5_0', '1_2'}
{'2_0', '6_0', '7_0'}{'4_1'}
{'2_0', '6_0', '7_0'}{'4_1'}

Right splits:
{'4_0'}{'2_0', '6_0', '7_0'}
{'4_0'}{'2_0', '6_0', '7_0'}
{'5_0', '1_2'}{'8_0', '7_1', '4_1'}
{'5_0', '1_2'}{'4_1'}{'8_0', '7_1'}
{'5_0', '1_2'}{'4_1'}{'8_0', '7_1'}
{'3_0', '1_0'}{'7_2'}
{'3_0', '1_0'}{'7_2'}
#-------------------------



Combination 58
Score:		0.2792207792207792

Contribution of lengths to the difference score Left|Right|Common:		5000.0|2000.0|14499.999999999998|

Left plasmids:
L_H0:	3_0:8000,5_0:20000,4_0:3000,1_2:2000,1_1:2000,
L_H1:	9:5000,7_0:1000,6_0:5000,2_0:20000,4_1:3000,
L_H2:	7_1:1000,7_2:1000,8_0:4000,

Right plasmids:
R_M0:	1_0:2000,1_1:2000,3_0:8000,7_2:1000,
R_M1:	7_0:1000,6_0:5000,2_0:20000,4_0:3000,
R_M2:	1_2:2000,7_1:1000,5_0:20000,4_1:3000,8_0:4000,

Left splits:
{'7_2'}{'8_0', '7_1'}
{'7_2'}{'8_0', '7_1'}
{'3_0', '1_1'}{'5_0', '1_2', '4_0'}
{'3_0', '1_1'}{'4_0'}{'5_0', '1_2'}
{'3_0', '1_1'}{'4_0'}{'5_0', '1_2'}
{'2_0', '6_0', '7_0'}{'4_1'}
{'2_0', '6_0', '7_0'}{'4_1'}

Right splits:
{'4_0'}{'2_0', '6_0', '7_0'}
{'4_0'}{'2_0', '6_0', '7_0'}
{'5_0', '1_2'}{'8_0', '7_1', '4_1'}
{'5_0', '1_2'}{'4_1'}{'8_0', '7_1'}
{'5_0', '1_2'}{'4_1'}{'8_0', '7_1'}
{'3_0', '1_1'}{'7_2'}
{'3_0', '1_1'}{'7_2'}
#-------------------------



Combination 2
Score:		0.2922077922077922

Contribution of lengths to the difference score Left|Right|Common:		5000.0|2000.0|15500.0|

Left plasmids:
L_H0:	3_0:8000,5_0:20000,4_0:3000,1_0:2000,1_2:2000,
L_H1:	9:5000,7_0:1000,6_0:5000,2_0:20000,4_1:3000,
L_H2:	7_1:1000,7_2:1000,8_0:4000,

Right plasmids:
R_M0:	1_0:2000,1_1:2000,3_0:8000,7_0:1000,
R_M1:	7_1:1000,6_0:5000,2_0:20000,4_0:3000,
R_M2:	1_2:2000,7_2:1000,5_0:20000,4_1:3000,8_0:4000,

Left splits:
{'7_1'}{'8_0', '7_2'}
{'7_1'}{'8_0', '7_2'}
{'3_0', '1_0'}{'5_0', '1_2', '4_0'}
{'3_0', '1_0'}{'4_0'}{'5_0', '1_2'}
{'3_0', '1_0'}{'4_0'}{'5_0', '1_2'}
{'7_0'}{'2_0', '6_0', '4_1'}
{'7_0'}{'2_0', '6_0'}{'4_1'}
{'7_0'}{'2_0', '6_0'}{'4_1'}

Right splits:
{'4_0'}{'2_0', '7_1', '6_0'}
{'4_0'}{'2_0', '6_0'}{'7_1'}
{'4_0'}{'2_0', '6_0'}{'7_1'}
{'5_0', '1_2'}{'8_0', '4_1', '7_2'}
{'5_0', '1_2'}{'4_1'}{'8_0', '7_2'}
{'5_0', '1_2'}{'4_1'}{'8_0', '7_2'}
{'3_0', '1_0'}{'7_0'}
{'3_0', '1_0'}{'7_0'}
#-------------------------



Combination 6
Score:		0.2922077922077922

Contribution of lengths to the difference score Left|Right|Common:		5000.0|2000.0|15500.0|

Left plasmids:
L_H0:	3_0:8000,5_0:20000,4_0:3000,1_1:2000,1_2:2000,
L_H1:	9:5000,7_0:1000,6_0:5000,2_0:20000,4_1:3000,
L_H2:	7_1:1000,7_2:1000,8_0:4000,

Right plasmids:
R_M0:	1_0:2000,1_1:2000,3_0:8000,7_0:1000,
R_M1:	7_1:1000,6_0:5000,2_0:20000,4_0:3000,
R_M2:	1_2:2000,7_2:1000,5_0:20000,4_1:3000,8_0:4000,

Left splits:
{'7_1'}{'8_0', '7_2'}
{'7_1'}{'8_0', '7_2'}
{'3_0', '1_1'}{'5_0', '1_2', '4_0'}
{'3_0', '1_1'}{'4_0'}{'5_0', '1_2'}
{'3_0', '1_1'}{'4_0'}{'5_0', '1_2'}
{'7_0'}{'2_0', '6_0', '4_1'}
{'7_0'}{'2_0', '6_0'}{'4_1'}
{'7_0'}{'2_0', '6_0'}{'4_1'}

Right splits:
{'4_0'}{'2_0', '7_1', '6_0'}
{'4_0'}{'2_0', '6_0'}{'7_1'}
{'4_0'}{'2_0', '6_0'}{'7_1'}
{'5_0', '1_2'}{'8_0', '4_1', '7_2'}
{'5_0', '1_2'}{'4_1'}{'8_0', '7_2'}
{'5_0', '1_2'}{'4_1'}{'8_0', '7_2'}
{'3_0', '1_1'}{'7_0'}
{'3_0', '1_1'}{'7_0'}
#-------------------------



Combination 8
Score:		0.2922077922077922

Contribution of lengths to the difference score Left|Right|Common:		5000.0|2000.0|15500.0|

Left plasmids:
L_H0:	3_0:8000,5_0:20000,4_0:3000,1_2:2000,1_0:2000,
L_H1:	9:5000,7_0:1000,6_0:5000,2_0:20000,4_1:3000,
L_H2:	7_1:1000,7_2:1000,8_0:4000,

Right plasmids:
R_M0:	1_0:2000,1_1:2000,3_0:8000,7_0:1000,
R_M1:	7_1:1000,6_0:5000,2_0:20000,4_0:3000,
R_M2:	1_2:2000,7_2:1000,5_0:20000,4_1:3000,8_0:4000,

Left splits:
{'7_1'}{'8_0', '7_2'}
{'7_1'}{'8_0', '7_2'}
{'3_0', '1_0'}{'5_0', '1_2', '4_0'}
{'3_0', '1_0'}{'4_0'}{'5_0', '1_2'}
{'3_0', '1_0'}{'4_0'}{'5_0', '1_2'}
{'7_0'}{'2_0', '6_0', '4_1'}
{'7_0'}{'2_0', '6_0'}{'4_1'}
{'7_0'}{'2_0', '6_0'}{'4_1'}

Right splits:
{'4_0'}{'2_0', '7_1', '6_0'}
{'4_0'}{'2_0', '6_0'}{'7_1'}
{'4_0'}{'2_0', '6_0'}{'7_1'}
{'5_0', '1_2'}{'8_0', '4_1', '7_2'}
{'5_0', '1_2'}{'4_1'}{'8_0', '7_2'}
{'5_0', '1_2'}{'4_1'}{'8_0', '7_2'}
{'3_0', '1_0'}{'7_0'}
{'3_0', '1_0'}{'7_0'}
#-------------------------



Combination 10
Score:		0.2922077922077922

Contribution of lengths to the difference score Left|Right|Common:		5000.0|2000.0|15500.0|

Left plasmids:
L_H0:	3_0:8000,5_0:20000,4_0:3000,1_2:2000,1_1:2000,
L_H1:	9:5000,7_0:1000,6_0:5000,2_0:20000,4_1:3000,
L_H2:	7_1:1000,7_2:1000,8_0:4000,

Right plasmids:
R_M0:	1_0:2000,1_1:2000,3_0:8000,7_0:1000,
R_M1:	7_1:1000,6_0:5000,2_0:20000,4_0:3000,
R_M2:	1_2:2000,7_2:1000,5_0:20000,4_1:3000,8_0:4000,

Left splits:
{'7_1'}{'8_0', '7_2'}
{'7_1'}{'8_0', '7_2'}
{'3_0', '1_1'}{'5_0', '1_2', '4_0'}
{'3_0', '1_1'}{'4_0'}{'5_0', '1_2'}
{'3_0', '1_1'}{'4_0'}{'5_0', '1_2'}
{'7_0'}{'2_0', '6_0', '4_1'}
{'7_0'}{'2_0', '6_0'}{'4_1'}
{'7_0'}{'2_0', '6_0'}{'4_1'}

Right splits:
{'4_0'}{'2_0', '7_1', '6_0'}
{'4_0'}{'2_0', '6_0'}{'7_1'}
{'4_0'}{'2_0', '6_0'}{'7_1'}
{'5_0', '1_2'}{'8_0', '4_1', '7_2'}
{'5_0', '1_2'}{'4_1'}{'8_0', '7_2'}
{'5_0', '1_2'}{'4_1'}{'8_0', '7_2'}
{'3_0', '1_1'}{'7_0'}
{'3_0', '1_1'}{'7_0'}
#-------------------------



Combination 14
Score:		0.2922077922077922

Contribution of lengths to the difference score Left|Right|Common:		5000.0|2000.0|15500.0|

Left plasmids:
L_H0:	3_0:8000,5_0:20000,4_0:3000,1_0:2000,1_2:2000,
L_H1:	9:5000,7_0:1000,6_0:5000,2_0:20000,4_1:3000,
L_H2:	7_1:1000,7_2:1000,8_0:4000,

Right plasmids:
R_M0:	1_0:2000,1_1:2000,3_0:8000,7_0:1000,
R_M1:	7_2:1000,6_0:5000,2_0:20000,4_0:3000,
R_M2:	1_2:2000,7_1:1000,5_0:20000,4_1:3000,8_0:4000,

Left splits:
{'7_2'}{'8_0', '7_1'}
{'7_2'}{'8_0', '7_1'}
{'3_0', '1_0'}{'5_0', '1_2', '4_0'}
{'3_0', '1_0'}{'4_0'}{'5_0', '1_2'}
{'3_0', '1_0'}{'4_0'}{'5_0', '1_2'}
{'7_0'}{'2_0', '6_0', '4_1'}
{'7_0'}{'2_0', '6_0'}{'4_1'}
{'7_0'}{'2_0', '6_0'}{'4_1'}

Right splits:
{'4_0'}{'2_0', '6_0', '7_2'}
{'4_0'}{'2_0', '6_0'}{'7_2'}
{'4_0'}{'2_0', '6_0'}{'7_2'}
{'5_0', '1_2'}{'8_0', '7_1', '4_1'}
{'5_0', '1_2'}{'4_1'}{'8_0', '7_1'}
{'5_0', '1_2'}{'4_1'}{'8_0', '7_1'}
{'3_0', '1_0'}{'7_0'}
{'3_0', '1_0'}{'7_0'}
#-------------------------



Combination 18
Score:		0.2922077922077922

Contribution of lengths to the difference score Left|Right|Common:		5000.0|2000.0|15500.0|

Left plasmids:
L_H0:	3_0:8000,5_0:20000,4_0:3000,1_1:2000,1_2:2000,
L_H1:	9:5000,7_0:1000,6_0:5000,2_0:20000,4_1:3000,
L_H2:	7_1:1000,7_2:1000,8_0:4000,

Right plasmids:
R_M0:	1_0:2000,1_1:2000,3_0:8000,7_0:1000,
R_M1:	7_2:1000,6_0:5000,2_0:20000,4_0:3000,
R_M2:	1_2:2000,7_1:1000,5_0:20000,4_1:3000,8_0:4000,

Left splits:
{'7_2'}{'8_0', '7_1'}
{'7_2'}{'8_0', '7_1'}
{'3_0', '1_1'}{'5_0', '1_2', '4_0'}
{'3_0', '1_1'}{'4_0'}{'5_0', '1_2'}
{'3_0', '1_1'}{'4_0'}{'5_0', '1_2'}
{'7_0'}{'2_0', '6_0', '4_1'}
{'7_0'}{'2_0', '6_0'}{'4_1'}
{'7_0'}{'2_0', '6_0'}{'4_1'}

Right splits:
{'4_0'}{'2_0', '6_0', '7_2'}
{'4_0'}{'2_0', '6_0'}{'7_2'}
{'4_0'}{'2_0', '6_0'}{'7_2'}
{'5_0', '1_2'}{'8_0', '7_1', '4_1'}
{'5_0', '1_2'}{'4_1'}{'8_0', '7_1'}
{'5_0', '1_2'}{'4_1'}{'8_0', '7_1'}
{'3_0', '1_1'}{'7_0'}
{'3_0', '1_1'}{'7_0'}
#-------------------------



Combination 20
Score:		0.2922077922077922

Contribution of lengths to the difference score Left|Right|Common:		5000.0|2000.0|15500.0|

Left plasmids:
L_H0:	3_0:8000,5_0:20000,4_0:3000,1_2:2000,1_0:2000,
L_H1:	9:5000,7_0:1000,6_0:5000,2_0:20000,4_1:3000,
L_H2:	7_1:1000,7_2:1000,8_0:4000,

Right plasmids:
R_M0:	1_0:2000,1_1:2000,3_0:8000,7_0:1000,
R_M1:	7_2:1000,6_0:5000,2_0:20000,4_0:3000,
R_M2:	1_2:2000,7_1:1000,5_0:20000,4_1:3000,8_0:4000,

Left splits:
{'7_2'}{'8_0', '7_1'}
{'7_2'}{'8_0', '7_1'}
{'3_0', '1_0'}{'5_0', '1_2', '4_0'}
{'3_0', '1_0'}{'4_0'}{'5_0', '1_2'}
{'3_0', '1_0'}{'4_0'}{'5_0', '1_2'}
{'7_0'}{'2_0', '6_0', '4_1'}
{'7_0'}{'2_0', '6_0'}{'4_1'}
{'7_0'}{'2_0', '6_0'}{'4_1'}

Right splits:
{'4_0'}{'2_0', '6_0', '7_2'}
{'4_0'}{'2_0', '6_0'}{'7_2'}
{'4_0'}{'2_0', '6_0'}{'7_2'}
{'5_0', '1_2'}{'8_0', '7_1', '4_1'}
{'5_0', '1_2'}{'4_1'}{'8_0', '7_1'}
{'5_0', '1_2'}{'4_1'}{'8_0', '7_1'}
{'3_0', '1_0'}{'7_0'}
{'3_0', '1_0'}{'7_0'}
#-------------------------



Combination 22
Score:		0.2922077922077922

Contribution of lengths to the difference score Left|Right|Common:		5000.0|2000.0|15500.0|

Left plasmids:
L_H0:	3_0:8000,5_0:20000,4_0:3000,1_2:2000,1_1:2000,
L_H1:	9:5000,7_0:1000,6_0:5000,2_0:20000,4_1:3000,
L_H2:	7_1:1000,7_2:1000,8_0:4000,

Right plasmids:
R_M0:	1_0:2000,1_1:2000,3_0:8000,7_0:1000,
R_M1:	7_2:1000,6_0:5000,2_0:20000,4_0:3000,
R_M2:	1_2:2000,7_1:1000,5_0:20000,4_1:3000,8_0:4000,

Left splits:
{'7_2'}{'8_0', '7_1'}
{'7_2'}{'8_0', '7_1'}
{'3_0', '1_1'}{'5_0', '1_2', '4_0'}
{'3_0', '1_1'}{'4_0'}{'5_0', '1_2'}
{'3_0', '1_1'}{'4_0'}{'5_0', '1_2'}
{'7_0'}{'2_0', '6_0', '4_1'}
{'7_0'}{'2_0', '6_0'}{'4_1'}
{'7_0'}{'2_0', '6_0'}{'4_1'}

Right splits:
{'4_0'}{'2_0', '6_0', '7_2'}
{'4_0'}{'2_0', '6_0'}{'7_2'}
{'4_0'}{'2_0', '6_0'}{'7_2'}
{'5_0', '1_2'}{'8_0', '7_1', '4_1'}
{'5_0', '1_2'}{'4_1'}{'8_0', '7_1'}
{'5_0', '1_2'}{'4_1'}{'8_0', '7_1'}
{'3_0', '1_1'}{'7_0'}
{'3_0', '1_1'}{'7_0'}
#-------------------------



Combination 24
Score:		0.2922077922077922

Contribution of lengths to the difference score Left|Right|Common:		5000.0|2000.0|15500.0|

Left plasmids:
L_H0:	3_0:8000,5_0:20000,4_0:3000,1_0:2000,1_1:2000,
L_H1:	9:5000,7_0:1000,6_0:5000,2_0:20000,4_1:3000,
L_H2:	7_1:1000,7_2:1000,8_0:4000,

Right plasmids:
R_M0:	1_0:2000,1_1:2000,3_0:8000,7_1:1000,
R_M1:	7_0:1000,6_0:5000,2_0:20000,4_0:3000,
R_M2:	1_2:2000,7_2:1000,5_0:20000,4_1:3000,8_0:4000,

Left splits:
{'7_1'}{'8_0', '7_2'}
{'7_1'}{'8_0', '7_2'}
{'3_0', '1_1', '1_0'}{'5_0', '4_0'}
{'3_0', '1_0', '1_1'}{'4_0'}{'5_0'}
{'3_0', '1_1', '1_0'}{'4_0'}{'5_0'}
{'2_0', '6_0', '7_0'}{'4_1'}
{'2_0', '6_0', '7_0'}{'4_1'}

Right splits:
{'4_0'}{'2_0', '6_0', '7_0'}
{'4_0'}{'2_0', '6_0', '7_0'}
{'5_0'}{'8_0', '7_2', '4_1'}
{'5_0'}{'4_1'}{'8_0', '7_2'}
{'5_0'}{'4_1'}{'8_0', '7_2'}
{'3_0', '1_1', '1_0'}{'7_1'}
{'3_0', '1_0', '1_1'}{'7_1'}
#-------------------------



Combination 28
Score:		0.2922077922077922

Contribution of lengths to the difference score Left|Right|Common:		5000.0|2000.0|15500.0|

Left plasmids:
L_H0:	3_0:8000,5_0:20000,4_0:3000,1_1:2000,1_0:2000,
L_H1:	9:5000,7_0:1000,6_0:5000,2_0:20000,4_1:3000,
L_H2:	7_1:1000,7_2:1000,8_0:4000,

Right plasmids:
R_M0:	1_0:2000,1_1:2000,3_0:8000,7_1:1000,
R_M1:	7_0:1000,6_0:5000,2_0:20000,4_0:3000,
R_M2:	1_2:2000,7_2:1000,5_0:20000,4_1:3000,8_0:4000,

Left splits:
{'7_1'}{'8_0', '7_2'}
{'7_1'}{'8_0', '7_2'}
{'3_0', '1_1', '1_0'}{'5_0', '4_0'}
{'3_0', '1_0', '1_1'}{'4_0'}{'5_0'}
{'3_0', '1_1', '1_0'}{'4_0'}{'5_0'}
{'2_0', '6_0', '7_0'}{'4_1'}
{'2_0', '6_0', '7_0'}{'4_1'}

Right splits:
{'4_0'}{'2_0', '6_0', '7_0'}
{'4_0'}{'2_0', '6_0', '7_0'}
{'5_0'}{'8_0', '7_2', '4_1'}
{'5_0'}{'4_1'}{'8_0', '7_2'}
{'5_0'}{'4_1'}{'8_0', '7_2'}
{'3_0', '1_1', '1_0'}{'7_1'}
{'3_0', '1_0', '1_1'}{'7_1'}
#-------------------------



Combination 48
Score:		0.2922077922077922

Contribution of lengths to the difference score Left|Right|Common:		5000.0|2000.0|15500.0|

Left plasmids:
L_H0:	3_0:8000,5_0:20000,4_0:3000,1_0:2000,1_1:2000,
L_H1:	9:5000,7_0:1000,6_0:5000,2_0:20000,4_1:3000,
L_H2:	7_1:1000,7_2:1000,8_0:4000,

Right plasmids:
R_M0:	1_0:2000,1_1:2000,3_0:8000,7_2:1000,
R_M1:	7_0:1000,6_0:5000,2_0:20000,4_0:3000,
R_M2:	1_2:2000,7_1:1000,5_0:20000,4_1:3000,8_0:4000,

Left splits:
{'7_2'}{'8_0', '7_1'}
{'7_2'}{'8_0', '7_1'}
{'3_0', '1_1', '1_0'}{'5_0', '4_0'}
{'3_0', '1_0', '1_1'}{'4_0'}{'5_0'}
{'3_0', '1_1', '1_0'}{'4_0'}{'5_0'}
{'2_0', '6_0', '7_0'}{'4_1'}
{'2_0', '6_0', '7_0'}{'4_1'}

Right splits:
{'4_0'}{'2_0', '6_0', '7_0'}
{'4_0'}{'2_0', '6_0', '7_0'}
{'5_0'}{'8_0', '7_1', '4_1'}
{'5_0'}{'4_1'}{'8_0', '7_1'}
{'5_0'}{'4_1'}{'8_0', '7_1'}
{'3_0', '1_1', '1_0'}{'7_2'}
{'3_0', '1_0', '1_1'}{'7_2'}
#-------------------------



Combination 52
Score:		0.2922077922077922

Contribution of lengths to the difference score Left|Right|Common:		5000.0|2000.0|15500.0|

Left plasmids:
L_H0:	3_0:8000,5_0:20000,4_0:3000,1_1:2000,1_0:2000,
L_H1:	9:5000,7_0:1000,6_0:5000,2_0:20000,4_1:3000,
L_H2:	7_1:1000,7_2:1000,8_0:4000,

Right plasmids:
R_M0:	1_0:2000,1_1:2000,3_0:8000,7_2:1000,
R_M1:	7_0:1000,6_0:5000,2_0:20000,4_0:3000,
R_M2:	1_2:2000,7_1:1000,5_0:20000,4_1:3000,8_0:4000,

Left splits:
{'7_2'}{'8_0', '7_1'}
{'7_2'}{'8_0', '7_1'}
{'3_0', '1_1', '1_0'}{'5_0', '4_0'}
{'3_0', '1_0', '1_1'}{'4_0'}{'5_0'}
{'3_0', '1_1', '1_0'}{'4_0'}{'5_0'}
{'2_0', '6_0', '7_0'}{'4_1'}
{'2_0', '6_0', '7_0'}{'4_1'}

Right splits:
{'4_0'}{'2_0', '6_0', '7_0'}
{'4_0'}{'2_0', '6_0', '7_0'}
{'5_0'}{'8_0', '7_1', '4_1'}
{'5_0'}{'4_1'}{'8_0', '7_1'}
{'5_0'}{'4_1'}{'8_0', '7_1'}
{'3_0', '1_1', '1_0'}{'7_2'}
{'3_0', '1_0', '1_1'}{'7_2'}
#-------------------------



Combination 38
Score:		0.2987012987012987

Contribution of lengths to the difference score Left|Right|Common:		5000.0|2000.0|16000.0|

Left plasmids:
L_H0:	3_0:8000,5_0:20000,4_0:3000,1_0:2000,1_2:2000,
L_H1:	9:5000,7_0:1000,6_0:5000,2_0:20000,4_1:3000,
L_H2:	7_1:1000,7_2:1000,8_0:4000,

Right plasmids:
R_M0:	1_0:2000,1_1:2000,3_0:8000,7_1:1000,
R_M1:	7_2:1000,6_0:5000,2_0:20000,4_0:3000,
R_M2:	1_2:2000,7_0:1000,5_0:20000,4_1:3000,8_0:4000,

Left splits:
{'7_1'}{'8_0', '7_2'}
{'7_1'}{'7_2'}{'8_0'}
{'7_1'}{'7_2'}{'8_0'}
{'3_0', '1_0'}{'5_0', '1_2', '4_0'}
{'3_0', '1_0'}{'4_0'}{'5_0', '1_2'}
{'3_0', '1_0'}{'4_0'}{'5_0', '1_2'}
{'2_0', '6_0'}{'4_1', '7_0'}
{'2_0', '6_0'}{'4_1', '7_0'}

Right splits:
{'4_0'}{'2_0', '6_0', '7_2'}
{'4_0'}{'2_0', '6_0'}{'7_2'}
{'4_0'}{'2_0', '6_0'}{'7_2'}
{'5_0', '1_2'}{'8_0', '4_1', '7_0'}
{'5_0', '1_2'}{'4_1', '7_0'}{'8_0'}
{'5_0', '1_2'}{'4_1', '7_0'}{'8_0'}
{'3_0', '1_0'}{'7_1'}
{'3_0', '1_0'}{'7_1'}
#-------------------------



Combination 42
Score:		0.2987012987012987

Contribution of lengths to the difference score Left|Right|Common:		5000.0|2000.0|16000.0|

Left plasmids:
L_H0:	3_0:8000,5_0:20000,4_0:3000,1_1:2000,1_2:2000,
L_H1:	9:5000,7_0:1000,6_0:5000,2_0:20000,4_1:3000,
L_H2:	7_1:1000,7_2:1000,8_0:4000,

Right plasmids:
R_M0:	1_0:2000,1_1:2000,3_0:8000,7_1:1000,
R_M1:	7_2:1000,6_0:5000,2_0:20000,4_0:3000,
R_M2:	1_2:2000,7_0:1000,5_0:20000,4_1:3000,8_0:4000,

Left splits:
{'7_1'}{'8_0', '7_2'}
{'7_1'}{'7_2'}{'8_0'}
{'7_1'}{'7_2'}{'8_0'}
{'3_0', '1_1'}{'5_0', '1_2', '4_0'}
{'3_0', '1_1'}{'4_0'}{'5_0', '1_2'}
{'3_0', '1_1'}{'4_0'}{'5_0', '1_2'}
{'2_0', '6_0'}{'4_1', '7_0'}
{'2_0', '6_0'}{'4_1', '7_0'}

Right splits:
{'4_0'}{'2_0', '6_0', '7_2'}
{'4_0'}{'2_0', '6_0'}{'7_2'}
{'4_0'}{'2_0', '6_0'}{'7_2'}
{'5_0', '1_2'}{'8_0', '4_1', '7_0'}
{'5_0', '1_2'}{'4_1', '7_0'}{'8_0'}
{'5_0', '1_2'}{'4_1', '7_0'}{'8_0'}
{'3_0', '1_1'}{'7_1'}
{'3_0', '1_1'}{'7_1'}
#-------------------------



Combination 44
Score:		0.2987012987012987

Contribution of lengths to the difference score Left|Right|Common:		5000.0|2000.0|16000.0|

Left plasmids:
L_H0:	3_0:8000,5_0:20000,4_0:3000,1_2:2000,1_0:2000,
L_H1:	9:5000,7_0:1000,6_0:5000,2_0:20000,4_1:3000,
L_H2:	7_1:1000,7_2:1000,8_0:4000,

Right plasmids:
R_M0:	1_0:2000,1_1:2000,3_0:8000,7_1:1000,
R_M1:	7_2:1000,6_0:5000,2_0:20000,4_0:3000,
R_M2:	1_2:2000,7_0:1000,5_0:20000,4_1:3000,8_0:4000,

Left splits:
{'7_1'}{'8_0', '7_2'}
{'7_1'}{'7_2'}{'8_0'}
{'7_1'}{'7_2'}{'8_0'}
{'3_0', '1_0'}{'5_0', '1_2', '4_0'}
{'3_0', '1_0'}{'4_0'}{'5_0', '1_2'}
{'3_0', '1_0'}{'4_0'}{'5_0', '1_2'}
{'2_0', '6_0'}{'4_1', '7_0'}
{'2_0', '6_0'}{'4_1', '7_0'}

Right splits:
{'4_0'}{'2_0', '6_0', '7_2'}
{'4_0'}{'2_0', '6_0'}{'7_2'}
{'4_0'}{'2_0', '6_0'}{'7_2'}
{'5_0', '1_2'}{'8_0', '4_1', '7_0'}
{'5_0', '1_2'}{'4_1', '7_0'}{'8_0'}
{'5_0', '1_2'}{'4_1', '7_0'}{'8_0'}
{'3_0', '1_0'}{'7_1'}
{'3_0', '1_0'}{'7_1'}
#-------------------------



Combination 46
Score:		0.2987012987012987

Contribution of lengths to the difference score Left|Right|Common:		5000.0|2000.0|16000.0|

Left plasmids:
L_H0:	3_0:8000,5_0:20000,4_0:3000,1_2:2000,1_1:2000,
L_H1:	9:5000,7_0:1000,6_0:5000,2_0:20000,4_1:3000,
L_H2:	7_1:1000,7_2:1000,8_0:4000,

Right plasmids:
R_M0:	1_0:2000,1_1:2000,3_0:8000,7_1:1000,
R_M1:	7_2:1000,6_0:5000,2_0:20000,4_0:3000,
R_M2:	1_2:2000,7_0:1000,5_0:20000,4_1:3000,8_0:4000,

Left splits:
{'7_1'}{'8_0', '7_2'}
{'7_1'}{'7_2'}{'8_0'}
{'7_1'}{'7_2'}{'8_0'}
{'3_0', '1_1'}{'5_0', '1_2', '4_0'}
{'3_0', '1_1'}{'4_0'}{'5_0', '1_2'}
{'3_0', '1_1'}{'4_0'}{'5_0', '1_2'}
{'2_0', '6_0'}{'4_1', '7_0'}
{'2_0', '6_0'}{'4_1', '7_0'}

Right splits:
{'4_0'}{'2_0', '6_0', '7_2'}
{'4_0'}{'2_0', '6_0'}{'7_2'}
{'4_0'}{'2_0', '6_0'}{'7_2'}
{'5_0', '1_2'}{'8_0', '4_1', '7_0'}
{'5_0', '1_2'}{'4_1', '7_0'}{'8_0'}
{'5_0', '1_2'}{'4_1', '7_0'}{'8_0'}
{'3_0', '1_1'}{'7_1'}
{'3_0', '1_1'}{'7_1'}
#-------------------------



Combination 62
Score:		0.2987012987012987

Contribution of lengths to the difference score Left|Right|Common:		5000.0|2000.0|16000.0|

Left plasmids:
L_H0:	3_0:8000,5_0:20000,4_0:3000,1_0:2000,1_2:2000,
L_H1:	9:5000,7_0:1000,6_0:5000,2_0:20000,4_1:3000,
L_H2:	7_1:1000,7_2:1000,8_0:4000,

Right plasmids:
R_M0:	1_0:2000,1_1:2000,3_0:8000,7_2:1000,
R_M1:	7_1:1000,6_0:5000,2_0:20000,4_0:3000,
R_M2:	1_2:2000,7_0:1000,5_0:20000,4_1:3000,8_0:4000,

Left splits:
{'7_2'}{'8_0', '7_1'}
{'7_2'}{'7_1'}{'8_0'}
{'7_2'}{'7_1'}{'8_0'}
{'3_0', '1_0'}{'5_0', '1_2', '4_0'}
{'3_0', '1_0'}{'4_0'}{'5_0', '1_2'}
{'3_0', '1_0'}{'4_0'}{'5_0', '1_2'}
{'2_0', '6_0'}{'4_1', '7_0'}
{'2_0', '6_0'}{'4_1', '7_0'}

Right splits:
{'4_0'}{'2_0', '7_1', '6_0'}
{'4_0'}{'2_0', '6_0'}{'7_1'}
{'4_0'}{'2_0', '6_0'}{'7_1'}
{'5_0', '1_2'}{'8_0', '4_1', '7_0'}
{'5_0', '1_2'}{'4_1', '7_0'}{'8_0'}
{'5_0', '1_2'}{'4_1', '7_0'}{'8_0'}
{'3_0', '1_0'}{'7_2'}
{'3_0', '1_0'}{'7_2'}
#-------------------------



Combination 66
Score:		0.2987012987012987

Contribution of lengths to the difference score Left|Right|Common:		5000.0|2000.0|16000.0|

Left plasmids:
L_H0:	3_0:8000,5_0:20000,4_0:3000,1_1:2000,1_2:2000,
L_H1:	9:5000,7_0:1000,6_0:5000,2_0:20000,4_1:3000,
L_H2:	7_1:1000,7_2:1000,8_0:4000,

Right plasmids:
R_M0:	1_0:2000,1_1:2000,3_0:8000,7_2:1000,
R_M1:	7_1:1000,6_0:5000,2_0:20000,4_0:3000,
R_M2:	1_2:2000,7_0:1000,5_0:20000,4_1:3000,8_0:4000,

Left splits:
{'7_2'}{'8_0', '7_1'}
{'7_2'}{'7_1'}{'8_0'}
{'7_2'}{'7_1'}{'8_0'}
{'3_0', '1_1'}{'5_0', '1_2', '4_0'}
{'3_0', '1_1'}{'4_0'}{'5_0', '1_2'}
{'3_0', '1_1'}{'4_0'}{'5_0', '1_2'}
{'2_0', '6_0'}{'4_1', '7_0'}
{'2_0', '6_0'}{'4_1', '7_0'}

Right splits:
{'4_0'}{'2_0', '7_1', '6_0'}
{'4_0'}{'2_0', '6_0'}{'7_1'}
{'4_0'}{'2_0', '6_0'}{'7_1'}
{'5_0', '1_2'}{'8_0', '4_1', '7_0'}
{'5_0', '1_2'}{'4_1', '7_0'}{'8_0'}
{'5_0', '1_2'}{'4_1', '7_0'}{'8_0'}
{'3_0', '1_1'}{'7_2'}
{'3_0', '1_1'}{'7_2'}
#-------------------------



Combination 68
Score:		0.2987012987012987

Contribution of lengths to the difference score Left|Right|Common:		5000.0|2000.0|16000.0|

Left plasmids:
L_H0:	3_0:8000,5_0:20000,4_0:3000,1_2:2000,1_0:2000,
L_H1:	9:5000,7_0:1000,6_0:5000,2_0:20000,4_1:3000,
L_H2:	7_1:1000,7_2:1000,8_0:4000,

Right plasmids:
R_M0:	1_0:2000,1_1:2000,3_0:8000,7_2:1000,
R_M1:	7_1:1000,6_0:5000,2_0:20000,4_0:3000,
R_M2:	1_2:2000,7_0:1000,5_0:20000,4_1:3000,8_0:4000,

Left splits:
{'7_2'}{'8_0', '7_1'}
{'7_2'}{'7_1'}{'8_0'}
{'7_2'}{'7_1'}{'8_0'}
{'3_0', '1_0'}{'5_0', '1_2', '4_0'}
{'3_0', '1_0'}{'4_0'}{'5_0', '1_2'}
{'3_0', '1_0'}{'4_0'}{'5_0', '1_2'}
{'2_0', '6_0'}{'4_1', '7_0'}
{'2_0', '6_0'}{'4_1', '7_0'}

Right splits:
{'4_0'}{'2_0', '7_1', '6_0'}
{'4_0'}{'2_0', '6_0'}{'7_1'}
{'4_0'}{'2_0', '6_0'}{'7_1'}
{'5_0', '1_2'}{'8_0', '4_1', '7_0'}
{'5_0', '1_2'}{'4_1', '7_0'}{'8_0'}
{'5_0', '1_2'}{'4_1', '7_0'}{'8_0'}
{'3_0', '1_0'}{'7_2'}
{'3_0', '1_0'}{'7_2'}
#-------------------------



Combination 70
Score:		0.2987012987012987

Contribution of lengths to the difference score Left|Right|Common:		5000.0|2000.0|16000.0|

Left plasmids:
L_H0:	3_0:8000,5_0:20000,4_0:3000,1_2:2000,1_1:2000,
L_H1:	9:5000,7_0:1000,6_0:5000,2_0:20000,4_1:3000,
L_H2:	7_1:1000,7_2:1000,8_0:4000,

Right plasmids:
R_M0:	1_0:2000,1_1:2000,3_0:8000,7_2:1000,
R_M1:	7_1:1000,6_0:5000,2_0:20000,4_0:3000,
R_M2:	1_2:2000,7_0:1000,5_0:20000,4_1:3000,8_0:4000,

Left splits:
{'7_2'}{'8_0', '7_1'}
{'7_2'}{'7_1'}{'8_0'}
{'7_2'}{'7_1'}{'8_0'}
{'3_0', '1_1'}{'5_0', '1_2', '4_0'}
{'3_0', '1_1'}{'4_0'}{'5_0', '1_2'}
{'3_0', '1_1'}{'4_0'}{'5_0', '1_2'}
{'2_0', '6_0'}{'4_1', '7_0'}
{'2_0', '6_0'}{'4_1', '7_0'}

Right splits:
{'4_0'}{'2_0', '7_1', '6_0'}
{'4_0'}{'2_0', '6_0'}{'7_1'}
{'4_0'}{'2_0', '6_0'}{'7_1'}
{'5_0', '1_2'}{'8_0', '4_1', '7_0'}
{'5_0', '1_2'}{'4_1', '7_0'}{'8_0'}
{'5_0', '1_2'}{'4_1', '7_0'}{'8_0'}
{'3_0', '1_1'}{'7_2'}
{'3_0', '1_1'}{'7_2'}
#-------------------------



Combination 0
Score:		0.3051948051948052

Contribution of lengths to the difference score Left|Right|Common:		5000.0|2000.0|16500.0|

Left plasmids:
L_H0:	3_0:8000,5_0:20000,4_0:3000,1_0:2000,1_1:2000,
L_H1:	9:5000,7_0:1000,6_0:5000,2_0:20000,4_1:3000,
L_H2:	7_1:1000,7_2:1000,8_0:4000,

Right plasmids:
R_M0:	1_0:2000,1_1:2000,3_0:8000,7_0:1000,
R_M1:	7_1:1000,6_0:5000,2_0:20000,4_0:3000,
R_M2:	1_2:2000,7_2:1000,5_0:20000,4_1:3000,8_0:4000,

Left splits:
{'7_1'}{'8_0', '7_2'}
{'7_1'}{'8_0', '7_2'}
{'3_0', '1_1', '1_0'}{'5_0', '4_0'}
{'3_0', '1_0', '1_1'}{'4_0'}{'5_0'}
{'3_0', '1_1', '1_0'}{'4_0'}{'5_0'}
{'7_0'}{'2_0', '6_0', '4_1'}
{'7_0'}{'2_0', '6_0'}{'4_1'}
{'7_0'}{'2_0', '6_0'}{'4_1'}

Right splits:
{'4_0'}{'2_0', '7_1', '6_0'}
{'4_0'}{'2_0', '6_0'}{'7_1'}
{'4_0'}{'2_0', '6_0'}{'7_1'}
{'5_0'}{'8_0', '7_2', '4_1'}
{'5_0'}{'4_1'}{'8_0', '7_2'}
{'5_0'}{'4_1'}{'8_0', '7_2'}
{'3_0', '1_1', '1_0'}{'7_0'}
{'3_0', '1_0', '1_1'}{'7_0'}
#-------------------------



Combination 4
Score:		0.3051948051948052

Contribution of lengths to the difference score Left|Right|Common:		5000.0|2000.0|16500.0|

Left plasmids:
L_H0:	3_0:8000,5_0:20000,4_0:3000,1_1:2000,1_0:2000,
L_H1:	9:5000,7_0:1000,6_0:5000,2_0:20000,4_1:3000,
L_H2:	7_1:1000,7_2:1000,8_0:4000,

Right plasmids:
R_M0:	1_0:2000,1_1:2000,3_0:8000,7_0:1000,
R_M1:	7_1:1000,6_0:5000,2_0:20000,4_0:3000,
R_M2:	1_2:2000,7_2:1000,5_0:20000,4_1:3000,8_0:4000,

Left splits:
{'7_1'}{'8_0', '7_2'}
{'7_1'}{'8_0', '7_2'}
{'3_0', '1_1', '1_0'}{'5_0', '4_0'}
{'3_0', '1_0', '1_1'}{'4_0'}{'5_0'}
{'3_0', '1_1', '1_0'}{'4_0'}{'5_0'}
{'7_0'}{'2_0', '6_0', '4_1'}
{'7_0'}{'2_0', '6_0'}{'4_1'}
{'7_0'}{'2_0', '6_0'}{'4_1'}

Right splits:
{'4_0'}{'2_0', '7_1', '6_0'}
{'4_0'}{'2_0', '6_0'}{'7_1'}
{'4_0'}{'2_0', '6_0'}{'7_1'}
{'5_0'}{'8_0', '7_2', '4_1'}
{'5_0'}{'4_1'}{'8_0', '7_2'}
{'5_0'}{'4_1'}{'8_0', '7_2'}
{'3_0', '1_1', '1_0'}{'7_0'}
{'3_0', '1_0', '1_1'}{'7_0'}
#-------------------------



Combination 12
Score:		0.3051948051948052

Contribution of lengths to the difference score Left|Right|Common:		5000.0|2000.0|16500.0|

Left plasmids:
L_H0:	3_0:8000,5_0:20000,4_0:3000,1_0:2000,1_1:2000,
L_H1:	9:5000,7_0:1000,6_0:5000,2_0:20000,4_1:3000,
L_H2:	7_1:1000,7_2:1000,8_0:4000,

Right plasmids:
R_M0:	1_0:2000,1_1:2000,3_0:8000,7_0:1000,
R_M1:	7_2:1000,6_0:5000,2_0:20000,4_0:3000,
R_M2:	1_2:2000,7_1:1000,5_0:20000,4_1:3000,8_0:4000,

Left splits:
{'7_2'}{'8_0', '7_1'}
{'7_2'}{'8_0', '7_1'}
{'3_0', '1_1', '1_0'}{'5_0', '4_0'}
{'3_0', '1_0', '1_1'}{'4_0'}{'5_0'}
{'3_0', '1_1', '1_0'}{'4_0'}{'5_0'}
{'7_0'}{'2_0', '6_0', '4_1'}
{'7_0'}{'2_0', '6_0'}{'4_1'}
{'7_0'}{'2_0', '6_0'}{'4_1'}

Right splits:
{'4_0'}{'2_0', '6_0', '7_2'}
{'4_0'}{'2_0', '6_0'}{'7_2'}
{'4_0'}{'2_0', '6_0'}{'7_2'}
{'5_0'}{'8_0', '7_1', '4_1'}
{'5_0'}{'4_1'}{'8_0', '7_1'}
{'5_0'}{'4_1'}{'8_0', '7_1'}
{'3_0', '1_1', '1_0'}{'7_0'}
{'3_0', '1_0', '1_1'}{'7_0'}
#-------------------------



Combination 16
Score:		0.3051948051948052

Contribution of lengths to the difference score Left|Right|Common:		5000.0|2000.0|16500.0|

Left plasmids:
L_H0:	3_0:8000,5_0:20000,4_0:3000,1_1:2000,1_0:2000,
L_H1:	9:5000,7_0:1000,6_0:5000,2_0:20000,4_1:3000,
L_H2:	7_1:1000,7_2:1000,8_0:4000,

Right plasmids:
R_M0:	1_0:2000,1_1:2000,3_0:8000,7_0:1000,
R_M1:	7_2:1000,6_0:5000,2_0:20000,4_0:3000,
R_M2:	1_2:2000,7_1:1000,5_0:20000,4_1:3000,8_0:4000,

Left splits:
{'7_2'}{'8_0', '7_1'}
{'7_2'}{'8_0', '7_1'}
{'3_0', '1_1', '1_0'}{'5_0', '4_0'}
{'3_0', '1_0', '1_1'}{'4_0'}{'5_0'}
{'3_0', '1_1', '1_0'}{'4_0'}{'5_0'}
{'7_0'}{'2_0', '6_0', '4_1'}
{'7_0'}{'2_0', '6_0'}{'4_1'}
{'7_0'}{'2_0', '6_0'}{'4_1'}

Right splits:
{'4_0'}{'2_0', '6_0', '7_2'}
{'4_0'}{'2_0', '6_0'}{'7_2'}
{'4_0'}{'2_0', '6_0'}{'7_2'}
{'5_0'}{'8_0', '7_1', '4_1'}
{'5_0'}{'4_1'}{'8_0', '7_1'}
{'5_0'}{'4_1'}{'8_0', '7_1'}
{'3_0', '1_1', '1_0'}{'7_0'}
{'3_0', '1_0', '1_1'}{'7_0'}
#-------------------------



Combination 36
Score:		0.3116883116883117

Contribution of lengths to the difference score Left|Right|Common:		5000.0|2000.0|17000.0|

Left plasmids:
L_H0:	3_0:8000,5_0:20000,4_0:3000,1_0:2000,1_1:2000,
L_H1:	9:5000,7_0:1000,6_0:5000,2_0:20000,4_1:3000,
L_H2:	7_1:1000,7_2:1000,8_0:4000,

Right plasmids:
R_M0:	1_0:2000,1_1:2000,3_0:8000,7_1:1000,
R_M1:	7_2:1000,6_0:5000,2_0:20000,4_0:3000,
R_M2:	1_2:2000,7_0:1000,5_0:20000,4_1:3000,8_0:4000,

Left splits:
{'7_1'}{'8_0', '7_2'}
{'7_1'}{'7_2'}{'8_0'}
{'7_1'}{'7_2'}{'8_0'}
{'3_0', '1_1', '1_0'}{'5_0', '4_0'}
{'3_0', '1_0', '1_1'}{'4_0'}{'5_0'}
{'3_0', '1_1', '1_0'}{'4_0'}{'5_0'}
{'2_0', '6_0'}{'4_1', '7_0'}
{'2_0', '6_0'}{'4_1', '7_0'}

Right splits:
{'4_0'}{'2_0', '6_0', '7_2'}
{'4_0'}{'2_0', '6_0'}{'7_2'}
{'4_0'}{'2_0', '6_0'}{'7_2'}
{'5_0'}{'8_0', '4_1', '7_0'}
{'5_0'}{'4_1', '7_0'}{'8_0'}
{'5_0'}{'4_1', '7_0'}{'8_0'}
{'3_0', '1_1', '1_0'}{'7_1'}
{'3_0', '1_0', '1_1'}{'7_1'}
#-------------------------



Combination 40
Score:		0.3116883116883117

Contribution of lengths to the difference score Left|Right|Common:		5000.0|2000.0|17000.0|

Left plasmids:
L_H0:	3_0:8000,5_0:20000,4_0:3000,1_1:2000,1_0:2000,
L_H1:	9:5000,7_0:1000,6_0:5000,2_0:20000,4_1:3000,
L_H2:	7_1:1000,7_2:1000,8_0:4000,

Right plasmids:
R_M0:	1_0:2000,1_1:2000,3_0:8000,7_1:1000,
R_M1:	7_2:1000,6_0:5000,2_0:20000,4_0:3000,
R_M2:	1_2:2000,7_0:1000,5_0:20000,4_1:3000,8_0:4000,

Left splits:
{'7_1'}{'8_0', '7_2'}
{'7_1'}{'7_2'}{'8_0'}
{'7_1'}{'7_2'}{'8_0'}
{'3_0', '1_1', '1_0'}{'5_0', '4_0'}
{'3_0', '1_0', '1_1'}{'4_0'}{'5_0'}
{'3_0', '1_1', '1_0'}{'4_0'}{'5_0'}
{'2_0', '6_0'}{'4_1', '7_0'}
{'2_0', '6_0'}{'4_1', '7_0'}

Right splits:
{'4_0'}{'2_0', '6_0', '7_2'}
{'4_0'}{'2_0', '6_0'}{'7_2'}
{'4_0'}{'2_0', '6_0'}{'7_2'}
{'5_0'}{'8_0', '4_1', '7_0'}
{'5_0'}{'4_1', '7_0'}{'8_0'}
{'5_0'}{'4_1', '7_0'}{'8_0'}
{'3_0', '1_1', '1_0'}{'7_1'}
{'3_0', '1_0', '1_1'}{'7_1'}
#-------------------------



Combination 60
Score:		0.3116883116883117

Contribution of lengths to the difference score Left|Right|Common:		5000.0|2000.0|17000.0|

Left plasmids:
L_H0:	3_0:8000,5_0:20000,4_0:3000,1_0:2000,1_1:2000,
L_H1:	9:5000,7_0:1000,6_0:5000,2_0:20000,4_1:3000,
L_H2:	7_1:1000,7_2:1000,8_0:4000,

Right plasmids:
R_M0:	1_0:2000,1_1:2000,3_0:8000,7_2:1000,
R_M1:	7_1:1000,6_0:5000,2_0:20000,4_0:3000,
R_M2:	1_2:2000,7_0:1000,5_0:20000,4_1:3000,8_0:4000,

Left splits:
{'7_2'}{'8_0', '7_1'}
{'7_2'}{'7_1'}{'8_0'}
{'7_2'}{'7_1'}{'8_0'}
{'3_0', '1_1', '1_0'}{'5_0', '4_0'}
{'3_0', '1_0', '1_1'}{'4_0'}{'5_0'}
{'3_0', '1_1', '1_0'}{'4_0'}{'5_0'}
{'2_0', '6_0'}{'4_1', '7_0'}
{'2_0', '6_0'}{'4_1', '7_0'}

Right splits:
{'4_0'}{'2_0', '7_1', '6_0'}
{'4_0'}{'2_0', '6_0'}{'7_1'}
{'4_0'}{'2_0', '6_0'}{'7_1'}
{'5_0'}{'8_0', '4_1', '7_0'}
{'5_0'}{'4_1', '7_0'}{'8_0'}
{'5_0'}{'4_1', '7_0'}{'8_0'}
{'3_0', '1_1', '1_0'}{'7_2'}
{'3_0', '1_0', '1_1'}{'7_2'}
#-------------------------



Combination 64
Score:		0.3116883116883117

Contribution of lengths to the difference score Left|Right|Common:		5000.0|2000.0|17000.0|

Left plasmids:
L_H0:	3_0:8000,5_0:20000,4_0:3000,1_1:2000,1_0:2000,
L_H1:	9:5000,7_0:1000,6_0:5000,2_0:20000,4_1:3000,
L_H2:	7_1:1000,7_2:1000,8_0:4000,

Right plasmids:
R_M0:	1_0:2000,1_1:2000,3_0:8000,7_2:1000,
R_M1:	7_1:1000,6_0:5000,2_0:20000,4_0:3000,
R_M2:	1_2:2000,7_0:1000,5_0:20000,4_1:3000,8_0:4000,

Left splits:
{'7_2'}{'8_0', '7_1'}
{'7_2'}{'7_1'}{'8_0'}
{'7_2'}{'7_1'}{'8_0'}
{'3_0', '1_1', '1_0'}{'5_0', '4_0'}
{'3_0', '1_0', '1_1'}{'4_0'}{'5_0'}
{'3_0', '1_1', '1_0'}{'4_0'}{'5_0'}
{'2_0', '6_0'}{'4_1', '7_0'}
{'2_0', '6_0'}{'4_1', '7_0'}

Right splits:
{'4_0'}{'2_0', '7_1', '6_0'}
{'4_0'}{'2_0', '6_0'}{'7_1'}
{'4_0'}{'2_0', '6_0'}{'7_1'}
{'5_0'}{'8_0', '4_1', '7_0'}
{'5_0'}{'4_1', '7_0'}{'8_0'}
{'5_0'}{'4_1', '7_0'}{'8_0'}
{'3_0', '1_1', '1_0'}{'7_2'}
{'3_0', '1_0', '1_1'}{'7_2'}
#-------------------------



