Combination 0
Score:		0.0

Contribution of lengths to the difference score Left|Right|Common:		0.0|0.0|0.0|

Left plasmids:
L_H0:	5_0:20000,1_0:2000,1_1:2000,4_0:3000,3_0:8000,
L_H1:	2_0:20000,4_1:3000,6_0:5000,9_0:5000,7_0:1000,
L_H2:	7_1:1000,7_2:1000,8_0:4000,

Right plasmids:
R_0:	5_0:20000,1_0:2000,1_1:2000,4_0:3000,3_0:8000,
R_1:	2_0:20000,4_1:3000,6_0:5000,9_0:5000,7_0:1000,
R_2:	7_1:1000,7_2:1000,8_0:4000,

Left splits:
{'3_0', '5_0', '1_0', '1_1', '4_0'}
{'9_0', '7_0', '4_1', '2_0', '6_0'}
{'7_1', '7_2', '8_0'}

Right splits:
{'3_0', '5_0', '1_0', '1_1', '4_0'}
{'9_0', '7_0', '4_1', '2_0', '6_0'}
{'7_1', '7_2', '8_0'}
#-------------------------



Combination 1
Score:		0.0

Contribution of lengths to the difference score Left|Right|Common:		0.0|0.0|0.0|

Left plasmids:
L_H0:	5_0:20000,1_0:2000,1_1:2000,4_0:3000,3_0:8000,
L_H1:	2_0:20000,4_1:3000,6_0:5000,9_0:5000,7_0:1000,
L_H2:	7_1:1000,7_2:1000,8_0:4000,

Right plasmids:
R_0:	5_0:20000,1_0:2000,1_1:2000,4_0:3000,3_0:8000,
R_1:	2_0:20000,4_1:3000,6_0:5000,9_0:5000,7_0:1000,
R_2:	7_2:1000,7_1:1000,8_0:4000,

Left splits:
{'3_0', '5_0', '1_0', '1_1', '4_0'}
{'9_0', '7_0', '4_1', '2_0', '6_0'}
{'7_2', '7_1', '8_0'}

Right splits:
{'3_0', '5_0', '1_0', '1_1', '4_0'}
{'9_0', '7_0', '4_1', '2_0', '6_0'}
{'7_1', '7_2', '8_0'}
#-------------------------



Combination 12
Score:		0.0

Contribution of lengths to the difference score Left|Right|Common:		0.0|0.0|0.0|

Left plasmids:
L_H0:	5_0:20000,1_0:2000,1_1:2000,4_0:3000,3_0:8000,
L_H1:	2_0:20000,4_1:3000,6_0:5000,9_0:5000,7_0:1000,
L_H2:	7_1:1000,7_2:1000,8_0:4000,

Right plasmids:
R_0:	5_0:20000,1_1:2000,1_0:2000,4_0:3000,3_0:8000,
R_1:	2_0:20000,4_1:3000,6_0:5000,9_0:5000,7_0:1000,
R_2:	7_1:1000,7_2:1000,8_0:4000,

Left splits:
{'3_0', '5_0', '1_0', '1_1', '4_0'}
{'9_0', '7_0', '4_1', '2_0', '6_0'}
{'7_1', '7_2', '8_0'}

Right splits:
{'3_0', '5_0', '1_0', '1_1', '4_0'}
{'9_0', '7_0', '4_1', '2_0', '6_0'}
{'7_1', '7_2', '8_0'}
#-------------------------



Combination 13
Score:		0.0

Contribution of lengths to the difference score Left|Right|Common:		0.0|0.0|0.0|

Left plasmids:
L_H0:	5_0:20000,1_0:2000,1_1:2000,4_0:3000,3_0:8000,
L_H1:	2_0:20000,4_1:3000,6_0:5000,9_0:5000,7_0:1000,
L_H2:	7_1:1000,7_2:1000,8_0:4000,

Right plasmids:
R_0:	5_0:20000,1_1:2000,1_0:2000,4_0:3000,3_0:8000,
R_1:	2_0:20000,4_1:3000,6_0:5000,9_0:5000,7_0:1000,
R_2:	7_2:1000,7_1:1000,8_0:4000,

Left splits:
{'3_0', '5_0', '1_0', '1_1', '4_0'}
{'9_0', '7_0', '4_1', '2_0', '6_0'}
{'7_2', '7_1', '8_0'}

Right splits:
{'3_0', '5_0', '1_0', '1_1', '4_0'}
{'9_0', '7_0', '4_1', '2_0', '6_0'}
{'7_1', '7_2', '8_0'}
#-------------------------



Combination 2
Score:		0.02666666666666667

Contribution of lengths to the difference score Left|Right|Common:		0.0|0.0|2000.0|

Left plasmids:
L_H0:	5_0:20000,1_0:2000,1_1:2000,4_0:3000,3_0:8000,
L_H1:	2_0:20000,4_1:3000,6_0:5000,9_0:5000,7_0:1000,
L_H2:	7_1:1000,7_2:1000,8_0:4000,

Right plasmids:
R_0:	5_0:20000,1_0:2000,1_1:2000,4_0:3000,3_0:8000,
R_1:	2_0:20000,4_1:3000,6_0:5000,9_0:5000,7_1:1000,
R_2:	7_0:1000,7_2:1000,8_0:4000,

Left splits:
{'3_0', '5_0', '1_0', '1_1', '4_0'}
{'4_1', '9_0', '6_0', '2_0'}{'7_0'}
{'4_1', '9_0', '6_0', '2_0'}{'7_0'}
{'7_1'}{'7_2', '8_0'}
{'7_1'}{'7_2', '8_0'}

Right splits:
{'3_0', '5_0', '1_0', '1_1', '4_0'}
{'4_1', '9_0', '6_0', '2_0'}{'7_1'}
{'4_1', '9_0', '6_0', '2_0'}{'7_1'}
{'7_0'}{'7_2', '8_0'}
{'7_0'}{'7_2', '8_0'}
#-------------------------



Combination 3
Score:		0.02666666666666667

Contribution of lengths to the difference score Left|Right|Common:		0.0|0.0|2000.0|

Left plasmids:
L_H0:	5_0:20000,1_0:2000,1_1:2000,4_0:3000,3_0:8000,
L_H1:	2_0:20000,4_1:3000,6_0:5000,9_0:5000,7_0:1000,
L_H2:	7_1:1000,7_2:1000,8_0:4000,

Right plasmids:
R_0:	5_0:20000,1_0:2000,1_1:2000,4_0:3000,3_0:8000,
R_1:	2_0:20000,4_1:3000,6_0:5000,9_0:5000,7_1:1000,
R_2:	7_2:1000,7_0:1000,8_0:4000,

Left splits:
{'3_0', '5_0', '1_0', '1_1', '4_0'}
{'4_1', '9_0', '6_0', '2_0'}{'7_0'}
{'4_1', '9_0', '6_0', '2_0'}{'7_0'}
{'7_1'}{'7_2', '8_0'}
{'7_1'}{'7_2', '8_0'}

Right splits:
{'3_0', '5_0', '1_0', '1_1', '4_0'}
{'4_1', '9_0', '6_0', '2_0'}{'7_1'}
{'4_1', '9_0', '6_0', '2_0'}{'7_1'}
{'7_0'}{'7_2', '8_0'}
{'7_0'}{'7_2', '8_0'}
#-------------------------



Combination 4
Score:		0.02666666666666667

Contribution of lengths to the difference score Left|Right|Common:		0.0|0.0|2000.0|

Left plasmids:
L_H0:	5_0:20000,1_0:2000,1_1:2000,4_0:3000,3_0:8000,
L_H1:	2_0:20000,4_1:3000,6_0:5000,9_0:5000,7_0:1000,
L_H2:	7_1:1000,7_2:1000,8_0:4000,

Right plasmids:
R_0:	5_0:20000,1_0:2000,1_1:2000,4_0:3000,3_0:8000,
R_1:	2_0:20000,4_1:3000,6_0:5000,9_0:5000,7_2:1000,
R_2:	7_0:1000,7_1:1000,8_0:4000,

Left splits:
{'3_0', '5_0', '1_0', '1_1', '4_0'}
{'4_1', '9_0', '6_0', '2_0'}{'7_0'}
{'4_1', '9_0', '6_0', '2_0'}{'7_0'}
{'7_2'}{'7_1', '8_0'}
{'7_2'}{'7_1', '8_0'}

Right splits:
{'3_0', '5_0', '1_0', '1_1', '4_0'}
{'4_1', '9_0', '6_0', '2_0'}{'7_2'}
{'4_1', '9_0', '6_0', '2_0'}{'7_2'}
{'7_0'}{'7_1', '8_0'}
{'7_0'}{'7_1', '8_0'}
#-------------------------



Combination 5
Score:		0.02666666666666667

Contribution of lengths to the difference score Left|Right|Common:		0.0|0.0|2000.0|

Left plasmids:
L_H0:	5_0:20000,1_0:2000,1_1:2000,4_0:3000,3_0:8000,
L_H1:	2_0:20000,4_1:3000,6_0:5000,9_0:5000,7_0:1000,
L_H2:	7_1:1000,7_2:1000,8_0:4000,

Right plasmids:
R_0:	5_0:20000,1_0:2000,1_1:2000,4_0:3000,3_0:8000,
R_1:	2_0:20000,4_1:3000,6_0:5000,9_0:5000,7_2:1000,
R_2:	7_1:1000,7_0:1000,8_0:4000,

Left splits:
{'3_0', '5_0', '1_0', '1_1', '4_0'}
{'4_1', '9_0', '6_0', '2_0'}{'7_0'}
{'4_1', '9_0', '6_0', '2_0'}{'7_0'}
{'7_2'}{'7_1', '8_0'}
{'7_2'}{'7_1', '8_0'}

Right splits:
{'3_0', '5_0', '1_0', '1_1', '4_0'}
{'4_1', '9_0', '6_0', '2_0'}{'7_2'}
{'4_1', '9_0', '6_0', '2_0'}{'7_2'}
{'7_0'}{'7_1', '8_0'}
{'7_0'}{'7_1', '8_0'}
#-------------------------



Combination 14
Score:		0.02666666666666667

Contribution of lengths to the difference score Left|Right|Common:		0.0|0.0|2000.0|

Left plasmids:
L_H0:	5_0:20000,1_0:2000,1_1:2000,4_0:3000,3_0:8000,
L_H1:	2_0:20000,4_1:3000,6_0:5000,9_0:5000,7_0:1000,
L_H2:	7_1:1000,7_2:1000,8_0:4000,

Right plasmids:
R_0:	5_0:20000,1_1:2000,1_0:2000,4_0:3000,3_0:8000,
R_1:	2_0:20000,4_1:3000,6_0:5000,9_0:5000,7_1:1000,
R_2:	7_0:1000,7_2:1000,8_0:4000,

Left splits:
{'3_0', '5_0', '1_0', '1_1', '4_0'}
{'4_1', '9_0', '6_0', '2_0'}{'7_0'}
{'4_1', '9_0', '6_0', '2_0'}{'7_0'}
{'7_1'}{'7_2', '8_0'}
{'7_1'}{'7_2', '8_0'}

Right splits:
{'3_0', '5_0', '1_0', '1_1', '4_0'}
{'4_1', '9_0', '6_0', '2_0'}{'7_1'}
{'4_1', '9_0', '6_0', '2_0'}{'7_1'}
{'7_0'}{'7_2', '8_0'}
{'7_0'}{'7_2', '8_0'}
#-------------------------



Combination 15
Score:		0.02666666666666667

Contribution of lengths to the difference score Left|Right|Common:		0.0|0.0|2000.0|

Left plasmids:
L_H0:	5_0:20000,1_0:2000,1_1:2000,4_0:3000,3_0:8000,
L_H1:	2_0:20000,4_1:3000,6_0:5000,9_0:5000,7_0:1000,
L_H2:	7_1:1000,7_2:1000,8_0:4000,

Right plasmids:
R_0:	5_0:20000,1_1:2000,1_0:2000,4_0:3000,3_0:8000,
R_1:	2_0:20000,4_1:3000,6_0:5000,9_0:5000,7_1:1000,
R_2:	7_2:1000,7_0:1000,8_0:4000,

Left splits:
{'3_0', '5_0', '1_0', '1_1', '4_0'}
{'4_1', '9_0', '6_0', '2_0'}{'7_0'}
{'4_1', '9_0', '6_0', '2_0'}{'7_0'}
{'7_1'}{'7_2', '8_0'}
{'7_1'}{'7_2', '8_0'}

Right splits:
{'3_0', '5_0', '1_0', '1_1', '4_0'}
{'4_1', '9_0', '6_0', '2_0'}{'7_1'}
{'4_1', '9_0', '6_0', '2_0'}{'7_1'}
{'7_0'}{'7_2', '8_0'}
{'7_0'}{'7_2', '8_0'}
#-------------------------



Combination 16
Score:		0.02666666666666667

Contribution of lengths to the difference score Left|Right|Common:		0.0|0.0|2000.0|

Left plasmids:
L_H0:	5_0:20000,1_0:2000,1_1:2000,4_0:3000,3_0:8000,
L_H1:	2_0:20000,4_1:3000,6_0:5000,9_0:5000,7_0:1000,
L_H2:	7_1:1000,7_2:1000,8_0:4000,

Right plasmids:
R_0:	5_0:20000,1_1:2000,1_0:2000,4_0:3000,3_0:8000,
R_1:	2_0:20000,4_1:3000,6_0:5000,9_0:5000,7_2:1000,
R_2:	7_0:1000,7_1:1000,8_0:4000,

Left splits:
{'3_0', '5_0', '1_0', '1_1', '4_0'}
{'4_1', '9_0', '6_0', '2_0'}{'7_0'}
{'4_1', '9_0', '6_0', '2_0'}{'7_0'}
{'7_2'}{'7_1', '8_0'}
{'7_2'}{'7_1', '8_0'}

Right splits:
{'3_0', '5_0', '1_0', '1_1', '4_0'}
{'4_1', '9_0', '6_0', '2_0'}{'7_2'}
{'4_1', '9_0', '6_0', '2_0'}{'7_2'}
{'7_0'}{'7_1', '8_0'}
{'7_0'}{'7_1', '8_0'}
#-------------------------



Combination 17
Score:		0.02666666666666667

Contribution of lengths to the difference score Left|Right|Common:		0.0|0.0|2000.0|

Left plasmids:
L_H0:	5_0:20000,1_0:2000,1_1:2000,4_0:3000,3_0:8000,
L_H1:	2_0:20000,4_1:3000,6_0:5000,9_0:5000,7_0:1000,
L_H2:	7_1:1000,7_2:1000,8_0:4000,

Right plasmids:
R_0:	5_0:20000,1_1:2000,1_0:2000,4_0:3000,3_0:8000,
R_1:	2_0:20000,4_1:3000,6_0:5000,9_0:5000,7_2:1000,
R_2:	7_1:1000,7_0:1000,8_0:4000,

Left splits:
{'3_0', '5_0', '1_0', '1_1', '4_0'}
{'4_1', '9_0', '6_0', '2_0'}{'7_0'}
{'4_1', '9_0', '6_0', '2_0'}{'7_0'}
{'7_2'}{'7_1', '8_0'}
{'7_2'}{'7_1', '8_0'}

Right splits:
{'3_0', '5_0', '1_0', '1_1', '4_0'}
{'4_1', '9_0', '6_0', '2_0'}{'7_2'}
{'4_1', '9_0', '6_0', '2_0'}{'7_2'}
{'7_0'}{'7_1', '8_0'}
{'7_0'}{'7_1', '8_0'}
#-------------------------



Combination 6
Score:		0.08

Contribution of lengths to the difference score Left|Right|Common:		0.0|0.0|6000.0|

Left plasmids:
L_H0:	5_0:20000,1_0:2000,1_1:2000,4_0:3000,3_0:8000,
L_H1:	2_0:20000,4_1:3000,6_0:5000,9_0:5000,7_0:1000,
L_H2:	7_1:1000,7_2:1000,8_0:4000,

Right plasmids:
R_0:	5_0:20000,1_0:2000,1_1:2000,4_1:3000,3_0:8000,
R_1:	2_0:20000,4_0:3000,6_0:5000,9_0:5000,7_0:1000,
R_2:	7_1:1000,7_2:1000,8_0:4000,

Left splits:
{'4_1'}{'2_0', '9_0', '6_0', '7_0'}
{'4_1'}{'9_0', '2_0', '6_0', '7_0'}
{'5_0', '3_0', '1_0', '1_1'}{'4_0'}
{'5_0', '3_0', '1_1', '1_0'}{'4_0'}
{'7_1', '7_2', '8_0'}

Right splits:
{'5_0', '3_0', '1_0', '1_1'}{'4_1'}
{'5_0', '3_0', '1_1', '1_0'}{'4_1'}
{'4_0'}{'2_0', '9_0', '6_0', '7_0'}
{'4_0'}{'9_0', '2_0', '6_0', '7_0'}
{'7_1', '7_2', '8_0'}
#-------------------------



Combination 7
Score:		0.08

Contribution of lengths to the difference score Left|Right|Common:		0.0|0.0|6000.0|

Left plasmids:
L_H0:	5_0:20000,1_0:2000,1_1:2000,4_0:3000,3_0:8000,
L_H1:	2_0:20000,4_1:3000,6_0:5000,9_0:5000,7_0:1000,
L_H2:	7_1:1000,7_2:1000,8_0:4000,

Right plasmids:
R_0:	5_0:20000,1_0:2000,1_1:2000,4_1:3000,3_0:8000,
R_1:	2_0:20000,4_0:3000,6_0:5000,9_0:5000,7_0:1000,
R_2:	7_2:1000,7_1:1000,8_0:4000,

Left splits:
{'4_1'}{'2_0', '9_0', '6_0', '7_0'}
{'4_1'}{'9_0', '2_0', '6_0', '7_0'}
{'5_0', '3_0', '1_0', '1_1'}{'4_0'}
{'5_0', '3_0', '1_1', '1_0'}{'4_0'}
{'7_2', '7_1', '8_0'}

Right splits:
{'5_0', '3_0', '1_0', '1_1'}{'4_1'}
{'5_0', '3_0', '1_1', '1_0'}{'4_1'}
{'4_0'}{'2_0', '9_0', '6_0', '7_0'}
{'4_0'}{'9_0', '2_0', '6_0', '7_0'}
{'7_1', '7_2', '8_0'}
#-------------------------



Combination 18
Score:		0.08

Contribution of lengths to the difference score Left|Right|Common:		0.0|0.0|6000.0|

Left plasmids:
L_H0:	5_0:20000,1_0:2000,1_1:2000,4_0:3000,3_0:8000,
L_H1:	2_0:20000,4_1:3000,6_0:5000,9_0:5000,7_0:1000,
L_H2:	7_1:1000,7_2:1000,8_0:4000,

Right plasmids:
R_0:	5_0:20000,1_1:2000,1_0:2000,4_1:3000,3_0:8000,
R_1:	2_0:20000,4_0:3000,6_0:5000,9_0:5000,7_0:1000,
R_2:	7_1:1000,7_2:1000,8_0:4000,

Left splits:
{'4_1'}{'2_0', '9_0', '6_0', '7_0'}
{'4_1'}{'9_0', '2_0', '6_0', '7_0'}
{'5_0', '3_0', '1_0', '1_1'}{'4_0'}
{'5_0', '3_0', '1_1', '1_0'}{'4_0'}
{'7_1', '7_2', '8_0'}

Right splits:
{'5_0', '3_0', '1_0', '1_1'}{'4_1'}
{'5_0', '3_0', '1_1', '1_0'}{'4_1'}
{'4_0'}{'2_0', '9_0', '6_0', '7_0'}
{'4_0'}{'9_0', '2_0', '6_0', '7_0'}
{'7_1', '7_2', '8_0'}
#-------------------------



Combination 19
Score:		0.08

Contribution of lengths to the difference score Left|Right|Common:		0.0|0.0|6000.0|

Left plasmids:
L_H0:	5_0:20000,1_0:2000,1_1:2000,4_0:3000,3_0:8000,
L_H1:	2_0:20000,4_1:3000,6_0:5000,9_0:5000,7_0:1000,
L_H2:	7_1:1000,7_2:1000,8_0:4000,

Right plasmids:
R_0:	5_0:20000,1_1:2000,1_0:2000,4_1:3000,3_0:8000,
R_1:	2_0:20000,4_0:3000,6_0:5000,9_0:5000,7_0:1000,
R_2:	7_2:1000,7_1:1000,8_0:4000,

Left splits:
{'4_1'}{'2_0', '9_0', '6_0', '7_0'}
{'4_1'}{'9_0', '2_0', '6_0', '7_0'}
{'5_0', '3_0', '1_0', '1_1'}{'4_0'}
{'5_0', '3_0', '1_1', '1_0'}{'4_0'}
{'7_2', '7_1', '8_0'}

Right splits:
{'5_0', '3_0', '1_0', '1_1'}{'4_1'}
{'5_0', '3_0', '1_1', '1_0'}{'4_1'}
{'4_0'}{'2_0', '9_0', '6_0', '7_0'}
{'4_0'}{'9_0', '2_0', '6_0', '7_0'}
{'7_1', '7_2', '8_0'}
#-------------------------



Combination 8
Score:		0.10666666666666667

Contribution of lengths to the difference score Left|Right|Common:		0.0|0.0|8000.000000000001|

Left plasmids:
L_H0:	5_0:20000,1_0:2000,1_1:2000,4_0:3000,3_0:8000,
L_H1:	2_0:20000,4_1:3000,6_0:5000,9_0:5000,7_0:1000,
L_H2:	7_1:1000,7_2:1000,8_0:4000,

Right plasmids:
R_0:	5_0:20000,1_0:2000,1_1:2000,4_1:3000,3_0:8000,
R_1:	2_0:20000,4_0:3000,6_0:5000,9_0:5000,7_1:1000,
R_2:	7_0:1000,7_2:1000,8_0:4000,

Left splits:
{'4_1'}{'2_0', '9_0', '6_0', '7_0'}
{'4_1'}{'9_0', '2_0', '6_0'}{'7_0'}
{'4_1'}{'2_0', '9_0', '6_0'}{'7_0'}
{'7_1'}{'7_2', '8_0'}
{'7_1'}{'7_2', '8_0'}
{'5_0', '3_0', '1_0', '1_1'}{'4_0'}
{'5_0', '3_0', '1_1', '1_0'}{'4_0'}

Right splits:
{'5_0', '3_0', '1_0', '1_1'}{'4_1'}
{'5_0', '3_0', '1_1', '1_0'}{'4_1'}
{'4_0'}{'7_1', '9_0', '6_0', '2_0'}
{'4_0'}{'9_0', '2_0', '6_0'}{'7_1'}
{'4_0'}{'2_0', '9_0', '6_0'}{'7_1'}
{'7_0'}{'7_2', '8_0'}
{'7_0'}{'7_2', '8_0'}
#-------------------------



Combination 9
Score:		0.10666666666666667

Contribution of lengths to the difference score Left|Right|Common:		0.0|0.0|8000.000000000001|

Left plasmids:
L_H0:	5_0:20000,1_0:2000,1_1:2000,4_0:3000,3_0:8000,
L_H1:	2_0:20000,4_1:3000,6_0:5000,9_0:5000,7_0:1000,
L_H2:	7_1:1000,7_2:1000,8_0:4000,

Right plasmids:
R_0:	5_0:20000,1_0:2000,1_1:2000,4_1:3000,3_0:8000,
R_1:	2_0:20000,4_0:3000,6_0:5000,9_0:5000,7_1:1000,
R_2:	7_2:1000,7_0:1000,8_0:4000,

Left splits:
{'4_1'}{'2_0', '9_0', '6_0', '7_0'}
{'4_1'}{'9_0', '2_0', '6_0'}{'7_0'}
{'4_1'}{'2_0', '9_0', '6_0'}{'7_0'}
{'7_1'}{'7_2', '8_0'}
{'7_1'}{'7_2', '8_0'}
{'5_0', '3_0', '1_0', '1_1'}{'4_0'}
{'5_0', '3_0', '1_1', '1_0'}{'4_0'}

Right splits:
{'5_0', '3_0', '1_0', '1_1'}{'4_1'}
{'5_0', '3_0', '1_1', '1_0'}{'4_1'}
{'4_0'}{'7_1', '9_0', '6_0', '2_0'}
{'4_0'}{'9_0', '2_0', '6_0'}{'7_1'}
{'4_0'}{'2_0', '9_0', '6_0'}{'7_1'}
{'7_0'}{'7_2', '8_0'}
{'7_0'}{'7_2', '8_0'}
#-------------------------



Combination 10
Score:		0.10666666666666667

Contribution of lengths to the difference score Left|Right|Common:		0.0|0.0|8000.000000000001|

Left plasmids:
L_H0:	5_0:20000,1_0:2000,1_1:2000,4_0:3000,3_0:8000,
L_H1:	2_0:20000,4_1:3000,6_0:5000,9_0:5000,7_0:1000,
L_H2:	7_1:1000,7_2:1000,8_0:4000,

Right plasmids:
R_0:	5_0:20000,1_0:2000,1_1:2000,4_1:3000,3_0:8000,
R_1:	2_0:20000,4_0:3000,6_0:5000,9_0:5000,7_2:1000,
R_2:	7_0:1000,7_1:1000,8_0:4000,

Left splits:
{'4_1'}{'2_0', '9_0', '6_0', '7_0'}
{'4_1'}{'9_0', '2_0', '6_0'}{'7_0'}
{'4_1'}{'2_0', '9_0', '6_0'}{'7_0'}
{'7_2'}{'7_1', '8_0'}
{'7_2'}{'7_1', '8_0'}
{'5_0', '3_0', '1_0', '1_1'}{'4_0'}
{'5_0', '3_0', '1_1', '1_0'}{'4_0'}

Right splits:
{'5_0', '3_0', '1_0', '1_1'}{'4_1'}
{'5_0', '3_0', '1_1', '1_0'}{'4_1'}
{'4_0'}{'7_2', '9_0', '6_0', '2_0'}
{'4_0'}{'9_0', '2_0', '6_0'}{'7_2'}
{'4_0'}{'2_0', '9_0', '6_0'}{'7_2'}
{'7_0'}{'7_1', '8_0'}
{'7_0'}{'7_1', '8_0'}
#-------------------------



Combination 11
Score:		0.10666666666666667

Contribution of lengths to the difference score Left|Right|Common:		0.0|0.0|8000.000000000001|

Left plasmids:
L_H0:	5_0:20000,1_0:2000,1_1:2000,4_0:3000,3_0:8000,
L_H1:	2_0:20000,4_1:3000,6_0:5000,9_0:5000,7_0:1000,
L_H2:	7_1:1000,7_2:1000,8_0:4000,

Right plasmids:
R_0:	5_0:20000,1_0:2000,1_1:2000,4_1:3000,3_0:8000,
R_1:	2_0:20000,4_0:3000,6_0:5000,9_0:5000,7_2:1000,
R_2:	7_1:1000,7_0:1000,8_0:4000,

Left splits:
{'4_1'}{'2_0', '9_0', '6_0', '7_0'}
{'4_1'}{'9_0', '2_0', '6_0'}{'7_0'}
{'4_1'}{'2_0', '9_0', '6_0'}{'7_0'}
{'7_2'}{'7_1', '8_0'}
{'7_2'}{'7_1', '8_0'}
{'5_0', '3_0', '1_0', '1_1'}{'4_0'}
{'5_0', '3_0', '1_1', '1_0'}{'4_0'}

Right splits:
{'5_0', '3_0', '1_0', '1_1'}{'4_1'}
{'5_0', '3_0', '1_1', '1_0'}{'4_1'}
{'4_0'}{'7_2', '9_0', '6_0', '2_0'}
{'4_0'}{'9_0', '2_0', '6_0'}{'7_2'}
{'4_0'}{'2_0', '9_0', '6_0'}{'7_2'}
{'7_0'}{'7_1', '8_0'}
{'7_0'}{'7_1', '8_0'}
#-------------------------



Combination 20
Score:		0.10666666666666667

Contribution of lengths to the difference score Left|Right|Common:		0.0|0.0|8000.000000000001|

Left plasmids:
L_H0:	5_0:20000,1_0:2000,1_1:2000,4_0:3000,3_0:8000,
L_H1:	2_0:20000,4_1:3000,6_0:5000,9_0:5000,7_0:1000,
L_H2:	7_1:1000,7_2:1000,8_0:4000,

Right plasmids:
R_0:	5_0:20000,1_1:2000,1_0:2000,4_1:3000,3_0:8000,
R_1:	2_0:20000,4_0:3000,6_0:5000,9_0:5000,7_1:1000,
R_2:	7_0:1000,7_2:1000,8_0:4000,

Left splits:
{'4_1'}{'2_0', '9_0', '6_0', '7_0'}
{'4_1'}{'9_0', '2_0', '6_0'}{'7_0'}
{'4_1'}{'2_0', '9_0', '6_0'}{'7_0'}
{'7_1'}{'7_2', '8_0'}
{'7_1'}{'7_2', '8_0'}
{'5_0', '3_0', '1_0', '1_1'}{'4_0'}
{'5_0', '3_0', '1_1', '1_0'}{'4_0'}

Right splits:
{'5_0', '3_0', '1_0', '1_1'}{'4_1'}
{'5_0', '3_0', '1_1', '1_0'}{'4_1'}
{'4_0'}{'7_1', '9_0', '6_0', '2_0'}
{'4_0'}{'9_0', '2_0', '6_0'}{'7_1'}
{'4_0'}{'2_0', '9_0', '6_0'}{'7_1'}
{'7_0'}{'7_2', '8_0'}
{'7_0'}{'7_2', '8_0'}
#-------------------------



Combination 21
Score:		0.10666666666666667

Contribution of lengths to the difference score Left|Right|Common:		0.0|0.0|8000.000000000001|

Left plasmids:
L_H0:	5_0:20000,1_0:2000,1_1:2000,4_0:3000,3_0:8000,
L_H1:	2_0:20000,4_1:3000,6_0:5000,9_0:5000,7_0:1000,
L_H2:	7_1:1000,7_2:1000,8_0:4000,

Right plasmids:
R_0:	5_0:20000,1_1:2000,1_0:2000,4_1:3000,3_0:8000,
R_1:	2_0:20000,4_0:3000,6_0:5000,9_0:5000,7_1:1000,
R_2:	7_2:1000,7_0:1000,8_0:4000,

Left splits:
{'4_1'}{'2_0', '9_0', '6_0', '7_0'}
{'4_1'}{'9_0', '2_0', '6_0'}{'7_0'}
{'4_1'}{'2_0', '9_0', '6_0'}{'7_0'}
{'7_1'}{'7_2', '8_0'}
{'7_1'}{'7_2', '8_0'}
{'5_0', '3_0', '1_0', '1_1'}{'4_0'}
{'5_0', '3_0', '1_1', '1_0'}{'4_0'}

Right splits:
{'5_0', '3_0', '1_0', '1_1'}{'4_1'}
{'5_0', '3_0', '1_1', '1_0'}{'4_1'}
{'4_0'}{'7_1', '9_0', '6_0', '2_0'}
{'4_0'}{'9_0', '2_0', '6_0'}{'7_1'}
{'4_0'}{'2_0', '9_0', '6_0'}{'7_1'}
{'7_0'}{'7_2', '8_0'}
{'7_0'}{'7_2', '8_0'}
#-------------------------



Combination 22
Score:		0.10666666666666667

Contribution of lengths to the difference score Left|Right|Common:		0.0|0.0|8000.000000000001|

Left plasmids:
L_H0:	5_0:20000,1_0:2000,1_1:2000,4_0:3000,3_0:8000,
L_H1:	2_0:20000,4_1:3000,6_0:5000,9_0:5000,7_0:1000,
L_H2:	7_1:1000,7_2:1000,8_0:4000,

Right plasmids:
R_0:	5_0:20000,1_1:2000,1_0:2000,4_1:3000,3_0:8000,
R_1:	2_0:20000,4_0:3000,6_0:5000,9_0:5000,7_2:1000,
R_2:	7_0:1000,7_1:1000,8_0:4000,

Left splits:
{'4_1'}{'2_0', '9_0', '6_0', '7_0'}
{'4_1'}{'9_0', '2_0', '6_0'}{'7_0'}
{'4_1'}{'2_0', '9_0', '6_0'}{'7_0'}
{'7_2'}{'7_1', '8_0'}
{'7_2'}{'7_1', '8_0'}
{'5_0', '3_0', '1_0', '1_1'}{'4_0'}
{'5_0', '3_0', '1_1', '1_0'}{'4_0'}

Right splits:
{'5_0', '3_0', '1_0', '1_1'}{'4_1'}
{'5_0', '3_0', '1_1', '1_0'}{'4_1'}
{'4_0'}{'7_2', '9_0', '6_0', '2_0'}
{'4_0'}{'9_0', '2_0', '6_0'}{'7_2'}
{'4_0'}{'2_0', '9_0', '6_0'}{'7_2'}
{'7_0'}{'7_1', '8_0'}
{'7_0'}{'7_1', '8_0'}
#-------------------------



Combination 23
Score:		0.10666666666666667

Contribution of lengths to the difference score Left|Right|Common:		0.0|0.0|8000.000000000001|

Left plasmids:
L_H0:	5_0:20000,1_0:2000,1_1:2000,4_0:3000,3_0:8000,
L_H1:	2_0:20000,4_1:3000,6_0:5000,9_0:5000,7_0:1000,
L_H2:	7_1:1000,7_2:1000,8_0:4000,

Right plasmids:
R_0:	5_0:20000,1_1:2000,1_0:2000,4_1:3000,3_0:8000,
R_1:	2_0:20000,4_0:3000,6_0:5000,9_0:5000,7_2:1000,
R_2:	7_1:1000,7_0:1000,8_0:4000,

Left splits:
{'4_1'}{'2_0', '9_0', '6_0', '7_0'}
{'4_1'}{'9_0', '2_0', '6_0'}{'7_0'}
{'4_1'}{'2_0', '9_0', '6_0'}{'7_0'}
{'7_2'}{'7_1', '8_0'}
{'7_2'}{'7_1', '8_0'}
{'5_0', '3_0', '1_0', '1_1'}{'4_0'}
{'5_0', '3_0', '1_1', '1_0'}{'4_0'}

Right splits:
{'5_0', '3_0', '1_0', '1_1'}{'4_1'}
{'5_0', '3_0', '1_1', '1_0'}{'4_1'}
{'4_0'}{'7_2', '9_0', '6_0', '2_0'}
{'4_0'}{'9_0', '2_0', '6_0'}{'7_2'}
{'4_0'}{'2_0', '9_0', '6_0'}{'7_2'}
{'7_0'}{'7_1', '8_0'}
{'7_0'}{'7_1', '8_0'}
#-------------------------



